2023-06-22 14:07:58.437 [info] Added views:workbench.panel.markers.view in workbench.panel.markers
2023-06-22 14:07:58.437 [info] Added views:workbench.panel.output in workbench.panel.output
2023-06-22 14:07:58.437 [info] Added views:terminal in terminal
2023-06-22 14:07:58.437 [info] Added views:outline in workbench.view.explorer
2023-06-22 14:07:58.438 [info] Added views:workbench.scm in workbench.view.scm
2023-06-22 14:07:58.438 [info] Added views:workbench.view.search in workbench.view.search
2023-06-22 14:07:58.438 [info] Added views:timeline in workbench.view.explorer
2023-06-22 14:07:58.438 [info] Added views:workbench.explorer.fileView in workbench.view.explorer
2023-06-22 14:08:00.719 [info] Added views:workbench.debug.welcome in workbench.view.debug
2023-06-22 14:08:09.234 [info] Added views:workbench.panel.repl.view in workbench.panel.repl
2023-06-22 14:32:00.374 [info] Added views:workbench.panel.markers.view in workbench.panel.markers
2023-06-22 14:32:00.374 [info] Added views:workbench.panel.output in workbench.panel.output
2023-06-22 14:32:00.374 [info] Added views:terminal in terminal
2023-06-22 14:32:00.374 [info] Added views:outline in workbench.view.explorer
2023-06-22 14:32:00.374 [info] Added views:workbench.scm in workbench.view.scm
2023-06-22 14:32:00.374 [info] Added views:workbench.view.search in workbench.view.search
2023-06-22 14:32:00.374 [info] Added views:timeline in workbench.view.explorer
2023-06-22 14:32:00.374 [info] Added views:workbench.explorer.fileView in workbench.view.explorer
2023-06-22 14:32:02.581 [info] Added views:workbench.debug.variablesView,workbench.debug.watchExpressionsView,workbench.debug.callStackView,workbench.debug.breakPointsView in workbench.view.debug
2023-06-22 14:32:04.497 [info] Added views:workbench.panel.repl.view in workbench.panel.repl
2023-06-22 14:32:04.505 [info] Removed views:workbench.debug.breakPointsView,workbench.debug.callStackView,workbench.debug.watchExpressionsView,workbench.debug.variablesView from workbench.view.debug
2023-06-22 14:32:04.508 [info] Added views:workbench.debug.welcome in workbench.view.debug
2023-06-22 14:37:09.648 [info] Added views:workbench.debug.breakPointsView in workbench.view.debug
2023-06-22 14:37:19.313 [info] Removed views:workbench.debug.welcome from workbench.view.debug
2023-06-22 14:37:19.320 [info] Added views:workbench.debug.variablesView,workbench.debug.watchExpressionsView,workbench.debug.callStackView in workbench.view.debug
2023-06-22 14:37:59.488 [info] Removed views:workbench.debug.callStackView,workbench.debug.watchExpressionsView,workbench.debug.variablesView from workbench.view.debug
2023-06-22 14:37:59.496 [info] Added views:workbench.debug.welcome in workbench.view.debug
2023-06-22 14:40:36.728 [info] Removed views:workbench.debug.welcome from workbench.view.debug
2023-06-22 14:40:36.745 [info] Added views:workbench.debug.variablesView,workbench.debug.watchExpressionsView,workbench.debug.callStackView in workbench.view.debug
2023-06-22 14:40:42.974 [info] Removed views:workbench.debug.callStackView,workbench.debug.watchExpressionsView,workbench.debug.variablesView from workbench.view.debug
2023-06-22 14:40:42.975 [info] Added views:workbench.debug.welcome in workbench.view.debug
2023-06-22 14:41:17.673 [info] Removed views:workbench.debug.welcome from workbench.view.debug
2023-06-22 14:41:17.680 [info] Added views:workbench.debug.variablesView,workbench.debug.watchExpressionsView,workbench.debug.callStackView in workbench.view.debug
2023-06-22 14:41:23.865 [info] Removed views:workbench.debug.callStackView,workbench.debug.watchExpressionsView,workbench.debug.variablesView from workbench.view.debug
2023-06-22 14:41:23.872 [info] Added views:workbench.debug.welcome in workbench.view.debug
2023-06-22 14:41:32.202 [info] Removed views:workbench.debug.welcome from workbench.view.debug
2023-06-22 14:41:32.210 [info] Added views:workbench.debug.variablesView,workbench.debug.watchExpressionsView,workbench.debug.callStackView in workbench.view.debug
2023-06-22 14:41:38.240 [info] Removed views:workbench.debug.callStackView,workbench.debug.watchExpressionsView,workbench.debug.variablesView from workbench.view.debug
2023-06-22 14:41:38.246 [info] Added views:workbench.debug.welcome in workbench.view.debug
2023-06-22 14:46:29.703 [info] Removed views:workbench.debug.welcome from workbench.view.debug
2023-06-22 14:46:29.731 [info] Added views:workbench.debug.variablesView,workbench.debug.watchExpressionsView,workbench.debug.callStackView in workbench.view.debug
2023-06-22 14:46:35.915 [info] Removed views:workbench.debug.callStackView,workbench.debug.watchExpressionsView,workbench.debug.variablesView from workbench.view.debug
2023-06-22 14:46:35.922 [info] Added views:workbench.debug.welcome in workbench.view.debug
