[18:41:47.560][info] [#0:/home/nomka/.local/share/nvim/mason/packages/lua-language-server/libexec/main.lua:66]: Lua Lsp startup, root: 	/home/nomka/.local/share/nvim/mason/packages/lua-language-server/libexec
[18:41:47.561][info] [#0:/home/nomka/.local/share/nvim/mason/packages/lua-language-server/libexec/main.lua:67]: ROOT:	/home/nomka/.local/share/nvim/mason/packages/lua-language-server/libexec
[18:41:47.561][info] [#0:/home/nomka/.local/share/nvim/mason/packages/lua-language-server/libexec/main.lua:68]: LOGPATH:	/home/nomka/.local/share/nvim/mason/packages/lua-language-server/libexec/log
[18:41:47.561][info] [#0:/home/nomka/.local/share/nvim/mason/packages/lua-language-server/libexec/main.lua:69]: METAPATH:	/home/nomka/.local/share/nvim/mason/packages/lua-language-server/libexec/meta
[18:41:47.562][info] [#0:/home/nomka/.local/share/nvim/mason/packages/lua-language-server/libexec/main.lua:70]: VERSION:	3.6.24
[18:41:47.690][info] [#0:script/service/service.lua:144]: 
========= Medical Examination Report =========
    --------------- Memory ---------------
        Total: 2.134 MB
        # 00 : 2.134 MB
        # 01 : 0.000 MB
        # 02 : 0.000 MB
        # 03 : 0.000 MB
        # 04 : 0.000 MB
    --------------- Coroutine ---------------
        Total:     0
        Running:   0
        Suspended: 0
        Normal:    0
        Dead:      0
    --------------- Cache ---------------
        Total: 1
        Dead:  0
    ---------------  RPC  ---------------
        Holdon:   0
        Waiting:  0
==============================================
[18:41:47.714][info] [#0:script/client.lua:657]: Client init	{
  capabilities = {
    textDocument = {
      callHierarchy = {
        dynamicRegistration = false
      },
      codeAction = {
        codeActionLiteralSupport = {
          codeActionKind = {
            valueSet = { "", "quickfix", "refactor", "refactor.extract", "refactor.inline", "refactor.rewrite", "source", "source.organizeImports" }
          }
        },
        dataSupport = true,
        dynamicRegistration = false,
        isPreferredSupport = true,
        resolveSupport = {
          properties = { "edit" }
        }
      },
      completion = {
        completionItem = {
          commitCharactersSupport = true,
          deprecatedSupport = true,
          documentationFormat = { "markdown", "plaintext" },
          insertReplaceSupport = true,
          labelDetailsSupport = true,
          preselectSupport = true,
          resolveSupport = {
            properties = { "documentation", "detail", "additionalTextEdits" }
          },
          snippetSupport = true,
          tagSupport = {
            valueSet = { 1 }
          }
        },
        completionItemKind = {
          valueSet = { 1, 2, 3, 4, 5, 6, 7, 8, 9, 10, 11, 12, 13, 14, 15, 16, 17, 18, 19, 20, 21, 22, 23, 24, 25 }
        },
        contextSupport = false,
        dynamicRegistration = false
      },
      declaration = {
        linkSupport = true
      },
      definition = {
        linkSupport = true
      },
      documentHighlight = {
        dynamicRegistration = false
      },
      documentSymbol = {
        dynamicRegistration = false,
        hierarchicalDocumentSymbolSupport = true,
        symbolKind = {
          valueSet = { 1, 2, 3, 4, 5, 6, 7, 8, 9, 10, 11, 12, 13, 14, 15, 16, 17, 18, 19, 20, 21, 22, 23, 24, 25, 26 }
        }
      },
      hover = {
        contentFormat = { "markdown", "plaintext" },
        dynamicRegistration = false
      },
      implementation = {
        linkSupport = true
      },
      publishDiagnostics = {
        relatedInformation = true,
        tagSupport = {
          valueSet = { 1, 2 }
        }
      },
      references = {
        dynamicRegistration = false
      },
      rename = {
        dynamicRegistration = false,
        prepareSupport = true
      },
      semanticTokens = {
        augmentsSyntaxTokens = true,
        dynamicRegistration = false,
        formats = { "relative" },
        multilineTokenSupport = false,
        overlappingTokenSupport = true,
        requests = {
          full = {
            delta = true
          },
          range = false
        },
        serverCancelSupport = false,
        tokenModifiers = { "declaration", "definition", "readonly", "static", "deprecated", "abstract", "async", "modification", "documentation", "defaultLibrary" },
        tokenTypes = { "namespace", "type", "class", "enum", "interface", "struct", "typeParameter", "parameter", "variable", "property", "enumMember", "event", "function", "method", "macro", "keyword", "modifier", "comment", "string", "number", "regexp", "operator", "decorator" }
      },
      signatureHelp = {
        dynamicRegistration = false,
        signatureInformation = {
          activeParameterSupport = true,
          documentationFormat = { "markdown", "plaintext" },
          parameterInformation = {
            labelOffsetSupport = true
          }
        }
      },
      synchronization = {
        didSave = true,
        dynamicRegistration = false,
        willSave = true,
        willSaveWaitUntil = true
      },
      typeDefinition = {
        linkSupport = true
      }
    },
    window = {
      showDocument = {
        support = true
      },
      showMessage = {
        messageActionItem = {
          additionalPropertiesSupport = false
        }
      },
      workDoneProgress = true
    },
    workspace = {
      applyEdit = true,
      configuration = true,
      didChangeWatchedFiles = {
        dynamicRegistration = false,
        relativePatternSupport = true
      },
      semanticTokens = {
        refreshSupport = true
      },
      symbol = {
        dynamicRegistration = false,
        hierarchicalWorkspaceSymbolSupport = true,
        symbolKind = {
          valueSet = { 1, 2, 3, 4, 5, 6, 7, 8, 9, 10, 11, 12, 13, 14, 15, 16, 17, 18, 19, 20, 21, 22, 23, 24, 25, 26 }
        }
      },
      workspaceEdit = {
        resourceOperations = { "rename", "create", "delete" }
      },
      workspaceFolders = true
    }
  },
  clientInfo = {
    name = "Neovim",
    version = "0.9.1"
  },
  initializationOptions = {},
  processId = 547901,
  rootPath = "/home/nomka/.config/nvim",
  rootUri = "file:///home/nomka/.config/nvim",
  trace = "off",
  workspaceFolders = { {
      name = "/home/nomka/.config/nvim",
      uri = "file:///home/nomka/.config/nvim"
    } }
}
[18:41:47.715][info] [#0:script/language.lua:137]: VSC language: nil
[18:41:47.715][info] [#0:script/language.lua:138]: LS  language: en-us
[18:41:47.715][info] [#0:script/workspace/workspace.lua:38]: Workspace init root: 	file:///home/nomka/.config/nvim
[18:41:47.715][info] [#0:script/workspace/workspace.lua:42]: Log path: 	/home/nomka/.local/share/nvim/mason/packages/lua-language-server/libexec/log/file_home_nomka_.config_nvim.log
[18:41:47.717][info] [#0:script/workspace/workspace.lua:48]: Workspace create: 	file:///home/nomka/.config/nvim
[18:41:47.830][info] [#0:script/provider/provider.lua:46]: Load config from client	file:///home/nomka/.config/nvim
[18:41:47.832][info] [#0:script/provider/provider.lua:47]: {
  Lua = {
    diagnostics = {
      globals = { "vim" }
    },
    telemetry = {
      enable = false
    },
    workspace = {
      library = {
        ["/home/nomka/.local/share/nvim/lazy/extensions/nvchad_types"] = true,
        ["/home/nomka/.local/share/nvim/lazy/lazy.nvim/lua/lazy"] = true,
        ["/usr/share/nvim/runtime/lua"] = true,
        ["/usr/share/nvim/runtime/lua/vim/lsp"] = true
      },
      maxPreload = 100000,
      preloadFileSize = 10000
    }
  }
}
[18:41:47.835][info] [#0:script/provider/provider.lua:46]: Load config from client	file:///home/nomka/.config/nvim
[18:41:47.835][info] [#0:script/provider/provider.lua:47]: {
  Lua = {
    diagnostics = {
      globals = { "vim" }
    },
    telemetry = {
      enable = false
    },
    workspace = {
      library = {
        ["/home/nomka/.local/share/nvim/lazy/extensions/nvchad_types"] = true,
        ["/home/nomka/.local/share/nvim/lazy/lazy.nvim/lua/lazy"] = true,
        ["/usr/share/nvim/runtime/lua"] = true,
        ["/usr/share/nvim/runtime/lua/vim/lsp"] = true
      },
      maxPreload = 100000,
      preloadFileSize = 10000
    }
  }
}
[18:41:47.836][info] [#0:script/provider/provider.lua:46]: Load config from client	file:///home/nomka/.config/nvim
[18:41:47.838][info] [#0:script/provider/provider.lua:47]: {
  Lua = {
    diagnostics = {
      globals = { "vim" }
    },
    telemetry = {
      enable = false
    },
    workspace = {
      library = {
        ["/home/nomka/.local/share/nvim/lazy/extensions/nvchad_types"] = true,
        ["/home/nomka/.local/share/nvim/lazy/lazy.nvim/lua/lazy"] = true,
        ["/usr/share/nvim/runtime/lua"] = true,
        ["/usr/share/nvim/runtime/lua/vim/lsp"] = true
      },
      maxPreload = 100000,
      preloadFileSize = 10000
    }
  }
}
[18:41:47.840][info] [#0:script/provider/provider.lua:61]: Load config from client	fallback
[18:41:47.840][info] [#0:script/provider/provider.lua:62]: {
  Lua = {
    diagnostics = {
      globals = { "vim" }
    },
    telemetry = {
      enable = false
    },
    workspace = {
      library = {
        ["/home/nomka/.local/share/nvim/lazy/extensions/nvchad_types"] = true,
        ["/home/nomka/.local/share/nvim/lazy/lazy.nvim/lua/lazy"] = true,
        ["/usr/share/nvim/runtime/lua"] = true,
        ["/usr/share/nvim/runtime/lua/vim/lsp"] = true
      },
      maxPreload = 100000,
      preloadFileSize = 10000
    }
  }
}
[18:41:47.841][info] [#0:script/provider/provider.lua:61]: Load config from client	fallback
[18:41:47.842][info] [#0:script/provider/provider.lua:62]: {
  Lua = {
    diagnostics = {
      globals = { "vim" }
    },
    telemetry = {
      enable = false
    },
    workspace = {
      library = {
        ["/home/nomka/.local/share/nvim/lazy/extensions/nvchad_types"] = true,
        ["/home/nomka/.local/share/nvim/lazy/lazy.nvim/lua/lazy"] = true,
        ["/usr/share/nvim/runtime/lua"] = true,
        ["/usr/share/nvim/runtime/lua/vim/lsp"] = true
      },
      maxPreload = 100000,
      preloadFileSize = 10000
    }
  }
}
[18:41:47.842][info] [#0:script/provider/provider.lua:61]: Load config from client	fallback
[18:41:47.843][info] [#0:script/provider/provider.lua:62]: {
  Lua = {
    diagnostics = {
      globals = { "vim" }
    },
    telemetry = {
      enable = false
    },
    workspace = {
      library = {
        ["/home/nomka/.local/share/nvim/lazy/extensions/nvchad_types"] = true,
        ["/home/nomka/.local/share/nvim/lazy/lazy.nvim/lua/lazy"] = true,
        ["/usr/share/nvim/runtime/lua"] = true,
        ["/usr/share/nvim/runtime/lua/vim/lsp"] = true
      },
      maxPreload = 100000,
      preloadFileSize = 10000
    }
  }
}
[18:41:47.946][info] [#0:script/library.lua:212]: Init builtin library at:	file:///home/nomka/.config/nvim
[18:41:48.118][info] [#0:script/plugin.lua:86]: plugin path:	/home/nomka/.config/nvim
[18:41:48.118][warn] [#0:script/plugin.lua:101]: plugin not found:	/home/nomka/.config/nvim
[18:41:48.119][info] [#0:script/library.lua:212]: Init builtin library at:	nil
[18:41:48.282][info] [#0:script/workspace/workspace.lua:322]: Preload start:	file:///home/nomka/.config/nvim
[18:41:48.317][info] [#0:script/workspace/workspace.lua:328]: Scan files at:	file:///home/nomka/.config/nvim
[18:41:48.324][info] [#0:script/workspace/workspace.lua:322]: Preload start:	<fallback>
[18:41:48.348][info] [#0:script/workspace/workspace.lua:351]: Scan library at:	file:///home/nomka/.local/share/nvim/lazy/lazy.nvim/lua/lazy
[18:41:48.367][info] [#0:script/workspace/workspace.lua:351]: Scan library at:	file:///home/nomka/.local/share/nvim/lazy/lazy.nvim/lua/lazy
[18:41:48.377][info] [#0:script/workspace/workspace.lua:351]: Scan library at:	file:///home/nomka/.local/share/nvim/mason/packages/lua-language-server/libexec/meta/Lua%205.4%20en-us%20utf8/package.lua
[18:41:48.378][info] [#0:script/workspace/workspace.lua:351]: Scan library at:	file:///home/nomka/.local/share/nvim/mason/packages/lua-language-server/libexec/meta/Lua%205.4%20en-us%20utf8/utf8.lua
[18:41:48.379][info] [#0:script/workspace/workspace.lua:351]: Scan library at:	file:///home/nomka/.local/share/nvim/mason/packages/lua-language-server/libexec/meta/Lua%205.4%20en-us%20utf8/math.lua
[18:41:48.380][info] [#0:script/workspace/workspace.lua:351]: Scan library at:	file:///home/nomka/.local/share/nvim/mason/packages/lua-language-server/libexec/meta/Lua%205.4%20en-us%20utf8/string.lua
[18:41:48.381][info] [#0:script/workspace/workspace.lua:351]: Scan library at:	file:///home/nomka/.local/share/nvim/mason/packages/lua-language-server/libexec/meta/Lua%205.4%20en-us%20utf8/io.lua
[18:41:48.382][info] [#0:script/workspace/workspace.lua:351]: Scan library at:	file:///home/nomka/.local/share/nvim/mason/packages/lua-language-server/libexec/meta/Lua%205.4%20en-us%20utf8/debug.lua
[18:41:48.383][info] [#0:script/workspace/workspace.lua:351]: Scan library at:	file:///home/nomka/.local/share/nvim/mason/packages/lua-language-server/libexec/meta/Lua%205.4%20en-us%20utf8/basic.lua
[18:41:48.385][info] [#0:script/workspace/workspace.lua:351]: Scan library at:	file:///home/nomka/.local/share/nvim/mason/packages/lua-language-server/libexec/meta/Lua%205.4%20en-us%20utf8/coroutine.lua
[18:41:48.392][info] [#0:script/workspace/workspace.lua:351]: Scan library at:	file:///home/nomka/.local/share/nvim/mason/packages/lua-language-server/libexec/meta/Lua%205.4%20en-us%20utf8/os.lua
[18:41:48.393][info] [#0:script/workspace/workspace.lua:351]: Scan library at:	file:///usr/share/nvim/runtime/lua/vim/lsp
[18:41:48.400][info] [#0:script/workspace/workspace.lua:351]: Scan library at:	file:///usr/share/nvim/runtime/lua
[18:41:48.410][info] [#0:script/workspace/workspace.lua:351]: Scan library at:	file:///home/nomka/.local/share/nvim/mason/packages/lua-language-server/libexec/meta/Lua%205.4%20en-us%20utf8/package.lua
[18:41:48.411][info] [#0:script/workspace/workspace.lua:351]: Scan library at:	file:///home/nomka/.local/share/nvim/mason/packages/lua-language-server/libexec/meta/Lua%205.4%20en-us%20utf8/utf8.lua
[18:41:48.412][info] [#0:script/workspace/workspace.lua:351]: Scan library at:	file:///home/nomka/.local/share/nvim/mason/packages/lua-language-server/libexec/meta/Lua%205.4%20en-us%20utf8/math.lua
[18:41:48.413][info] [#0:script/workspace/workspace.lua:351]: Scan library at:	file:///home/nomka/.local/share/nvim/mason/packages/lua-language-server/libexec/meta/Lua%205.4%20en-us%20utf8/string.lua
[18:41:48.413][info] [#0:script/workspace/workspace.lua:351]: Scan library at:	file:///home/nomka/.local/share/nvim/mason/packages/lua-language-server/libexec/meta/Lua%205.4%20en-us%20utf8/io.lua
[18:41:48.414][info] [#0:script/workspace/workspace.lua:351]: Scan library at:	file:///home/nomka/.local/share/nvim/mason/packages/lua-language-server/libexec/meta/Lua%205.4%20en-us%20utf8/debug.lua
[18:41:48.415][info] [#0:script/workspace/workspace.lua:351]: Scan library at:	file:///home/nomka/.local/share/nvim/mason/packages/lua-language-server/libexec/meta/Lua%205.4%20en-us%20utf8/basic.lua
[18:41:48.416][info] [#0:script/workspace/workspace.lua:351]: Scan library at:	file:///home/nomka/.local/share/nvim/mason/packages/lua-language-server/libexec/meta/Lua%205.4%20en-us%20utf8/coroutine.lua
[18:41:48.417][info] [#0:script/workspace/workspace.lua:351]: Scan library at:	file:///home/nomka/.local/share/nvim/mason/packages/lua-language-server/libexec/meta/Lua%205.4%20en-us%20utf8/os.lua
[18:41:48.418][info] [#0:script/workspace/workspace.lua:351]: Scan library at:	file:///usr/share/nvim/runtime/lua/vim/lsp
[18:41:48.426][info] [#0:script/workspace/workspace.lua:351]: Scan library at:	file:///usr/share/nvim/runtime/lua
[18:41:48.444][info] [#0:script/workspace/workspace.lua:351]: Scan library at:	file:///home/nomka/.local/share/nvim/lazy/extensions/nvchad_types
[18:41:48.447][info] [#0:script/workspace/workspace.lua:351]: Scan library at:	file:///home/nomka/.local/share/nvim/mason/packages/lua-language-server/libexec/meta/Lua%205.4%20en-us%20utf8/table.lua
[18:41:48.448][info] [#0:script/workspace/workspace.lua:351]: Scan library at:	file:///home/nomka/.local/share/nvim/mason/packages/lua-language-server/libexec/meta/Lua%205.4%20en-us%20utf8/builtin.lua
[18:41:48.459][info] [#0:script/workspace/workspace.lua:351]: Scan library at:	file:///home/nomka/.local/share/nvim/lazy/extensions/nvchad_types
[18:41:48.462][info] [#0:script/workspace/workspace.lua:351]: Scan library at:	file:///home/nomka/.local/share/nvim/mason/packages/lua-language-server/libexec/meta/Lua%205.4%20en-us%20utf8/table.lua
[18:41:48.463][info] [#0:script/workspace/workspace.lua:351]: Scan library at:	file:///home/nomka/.local/share/nvim/mason/packages/lua-language-server/libexec/meta/Lua%205.4%20en-us%20utf8/builtin.lua
[18:41:48.565][info] [#0:script/workspace/workspace.lua:377]: Found 141 files at:	<fallback>
[18:41:48.565][info] [#0:script/workspace/loading.lua:161]: Load files from disk:	<fallback>
[18:41:48.565][info] [#0:script/workspace/workspace.lua:377]: Found 156 files at:	file:///home/nomka/.config/nvim
[18:41:48.565][info] [#0:script/workspace/loading.lua:161]: Load files from disk:	file:///home/nomka/.config/nvim
[18:41:48.568][info] [#0:script/workspace/loading.lua:101]: Preload file at: file:///home/nomka/.local/share/nvim/mason/packages/lua-language-server/libexec/meta/Lua%205.4%20en-us%20utf8/builtin.lua , size = 0.302 KB
[18:41:48.573][info] [#0:script/workspace/loading.lua:113]: ++++As library of:	file:///home/nomka/.local/share/nvim/mason/packages/lua-language-server/libexec/meta/Lua%205.4%20en-us%20utf8/builtin.lua
[18:41:48.574][info] [#0:script/workspace/loading.lua:101]: Preload file at: file:///home/nomka/.local/share/nvim/mason/packages/lua-language-server/libexec/meta/Lua%205.4%20en-us%20utf8/table.lua , size = 4.230 KB
[18:41:48.595][info] [#0:script/workspace/loading.lua:113]: ++++As library of:	file:///home/nomka/.local/share/nvim/mason/packages/lua-language-server/libexec/meta/Lua%205.4%20en-us%20utf8/table.lua
[18:41:48.596][info] [#0:script/workspace/loading.lua:98]: Skip loaded file: file:///home/nomka/.local/share/nvim/mason/packages/lua-language-server/libexec/meta/Lua%205.4%20en-us%20utf8/table.lua
[18:41:48.596][info] [#0:script/workspace/loading.lua:101]: Preload file at: file:///home/nomka/.local/share/nvim/lazy/extensions/nvchad_types/all_hl_groups.lua , size = 32.131 KB
[18:41:48.704][info] [#0:script/workspace/loading.lua:113]: ++++As library of:	file:///home/nomka/.local/share/nvim/lazy/extensions/nvchad_types
[18:41:48.704][info] [#0:script/workspace/loading.lua:98]: Skip loaded file: file:///home/nomka/.local/share/nvim/lazy/extensions/nvchad_types/all_hl_groups.lua
[18:41:48.704][info] [#0:script/workspace/loading.lua:101]: Preload file at: file:///home/nomka/.local/share/nvim/lazy/extensions/nvchad_types/base46.lua , size = 4.196 KB
[18:41:48.721][info] [#0:script/workspace/loading.lua:113]: ++++As library of:	file:///home/nomka/.local/share/nvim/lazy/extensions/nvchad_types
[18:41:48.722][info] [#0:script/workspace/loading.lua:98]: Skip loaded file: file:///home/nomka/.local/share/nvim/mason/packages/lua-language-server/libexec/meta/Lua%205.4%20en-us%20utf8/builtin.lua
[18:41:48.722][info] [#0:script/workspace/loading.lua:98]: Skip loaded file: file:///home/nomka/.local/share/nvim/lazy/extensions/nvchad_types/base46.lua
[18:41:48.722][info] [#0:script/workspace/loading.lua:101]: Preload file at: file:///home/nomka/.local/share/nvim/lazy/extensions/nvchad_types/keymaps.lua , size = 1.461 KB
[18:41:48.727][info] [#0:script/workspace/loading.lua:113]: ++++As library of:	file:///home/nomka/.local/share/nvim/lazy/extensions/nvchad_types
[18:41:48.727][info] [#0:script/workspace/loading.lua:98]: Skip loaded file: file:///home/nomka/.local/share/nvim/lazy/extensions/nvchad_types/keymaps.lua
[18:41:48.728][info] [#0:script/workspace/loading.lua:101]: Preload file at: file:///home/nomka/.local/share/nvim/lazy/extensions/nvchad_types/chadrc.lua , size = 8.549 KB
[18:41:48.752][info] [#0:script/workspace/loading.lua:113]: ++++As library of:	file:///home/nomka/.local/share/nvim/lazy/extensions/nvchad_types
[18:41:48.752][info] [#0:script/workspace/loading.lua:98]: Skip loaded file: file:///home/nomka/.local/share/nvim/lazy/extensions/nvchad_types/chadrc.lua
[18:41:48.752][info] [#0:script/workspace/loading.lua:101]: Preload file at: file:///home/nomka/.local/share/nvim/lazy/extensions/nvchad_types/themes.lua , size = 4.698 KB
[18:41:48.785][info] [#0:script/workspace/loading.lua:113]: ++++As library of:	file:///home/nomka/.local/share/nvim/lazy/extensions/nvchad_types
[18:41:48.785][info] [#0:script/workspace/loading.lua:98]: Skip loaded file: file:///home/nomka/.local/share/nvim/lazy/extensions/nvchad_types/themes.lua
[18:41:48.786][info] [#0:script/workspace/loading.lua:101]: Preload file at: file:///home/nomka/.local/share/nvim/lazy/extensions/nvchad_types/plugins.lua , size = 5.674 KB
[18:41:48.799][info] [#0:script/workspace/loading.lua:113]: ++++As library of:	file:///home/nomka/.local/share/nvim/lazy/extensions/nvchad_types
[18:41:48.799][info] [#0:script/workspace/loading.lua:98]: Skip loaded file: file:///home/nomka/.local/share/nvim/lazy/extensions/nvchad_types/plugins.lua
[18:41:48.799][info] [#0:script/workspace/loading.lua:101]: Preload file at: file:///usr/share/nvim/runtime/lua/man.lua , size = 25.082 KB
[18:41:48.884][info] [#0:script/workspace/loading.lua:113]: ++++As library of:	file:///usr/share/nvim/runtime/lua
[18:41:48.884][info] [#0:script/workspace/loading.lua:98]: Skip loaded file: file:///usr/share/nvim/runtime/lua/man.lua
[18:41:48.884][info] [#0:script/workspace/loading.lua:101]: Preload file at: file:///usr/share/nvim/runtime/lua/nvim/health.lua , size = 12.706 KB
[18:41:48.925][info] [#0:script/workspace/loading.lua:113]: ++++As library of:	file:///usr/share/nvim/runtime/lua
[18:41:48.925][info] [#0:script/workspace/loading.lua:101]: Preload file at: file:///usr/share/nvim/runtime/lua/jit/dis_mips64.lua , size = 0.689 KB
[18:41:48.927][info] [#0:script/workspace/loading.lua:113]: ++++As library of:	file:///usr/share/nvim/runtime/lua
[18:41:48.928][info] [#0:script/workspace/loading.lua:98]: Skip loaded file: file:///usr/share/nvim/runtime/lua/nvim/health.lua
[18:41:48.928][info] [#0:script/workspace/loading.lua:98]: Skip loaded file: file:///usr/share/nvim/runtime/lua/jit/dis_mips64.lua
[18:41:48.928][info] [#0:script/workspace/loading.lua:101]: Preload file at: file:///usr/share/nvim/runtime/lua/jit/dis_arm64be.lua , size = 0.604 KB
[18:41:48.930][info] [#0:script/workspace/loading.lua:113]: ++++As library of:	file:///usr/share/nvim/runtime/lua
[18:41:48.931][info] [#0:script/workspace/loading.lua:98]: Skip loaded file: file:///usr/share/nvim/runtime/lua/jit/dis_arm64be.lua
[18:41:48.931][info] [#0:script/workspace/loading.lua:101]: Preload file at: file:///usr/share/nvim/runtime/lua/jit/dis_arm64.lua , size = 30.163 KB
[18:41:49.041][warn] [#0:script/files.lua:694]: Compile [file:///usr/share/nvim/runtime/lua/jit/dis_arm64.lua] takes [0.107] sec, size [30.887] kb.
[18:41:49.063][info] [#0:script/workspace/loading.lua:113]: ++++As library of:	file:///usr/share/nvim/runtime/lua
[18:41:49.063][info] [#0:script/workspace/loading.lua:98]: Skip loaded file: file:///usr/share/nvim/runtime/lua/jit/dis_arm64.lua
[18:41:49.063][info] [#0:script/workspace/loading.lua:101]: Preload file at: file:///usr/share/nvim/runtime/lua/jit/dis_x64.lua , size = 0.695 KB
[18:41:49.066][info] [#0:script/workspace/loading.lua:113]: ++++As library of:	file:///usr/share/nvim/runtime/lua
[18:41:49.066][info] [#0:script/workspace/loading.lua:101]: Preload file at: file:///usr/share/nvim/runtime/lua/jit/zone.lua , size = 0.979 KB
[18:41:49.070][info] [#0:script/workspace/loading.lua:113]: ++++As library of:	file:///usr/share/nvim/runtime/lua
[18:41:49.070][info] [#0:script/workspace/loading.lua:98]: Skip loaded file: file:///usr/share/nvim/runtime/lua/jit/dis_x64.lua
[18:41:49.071][info] [#0:script/workspace/loading.lua:98]: Skip loaded file: file:///usr/share/nvim/runtime/lua/jit/zone.lua
[18:41:49.071][info] [#0:script/workspace/loading.lua:101]: Preload file at: file:///usr/share/nvim/runtime/lua/jit/dis_x86.lua , size = 33.033 KB
[18:41:49.193][warn] [#0:script/files.lua:694]: Compile [file:///usr/share/nvim/runtime/lua/jit/dis_x86.lua] takes [0.116] sec, size [33.826] kb.
[18:41:49.215][info] [#0:script/workspace/loading.lua:113]: ++++As library of:	file:///usr/share/nvim/runtime/lua
[18:41:49.215][info] [#0:script/workspace/loading.lua:101]: Preload file at: file:///usr/share/nvim/runtime/lua/jit/dis_ppc.lua , size = 19.825 KB
[18:41:49.299][info] [#0:script/workspace/loading.lua:113]: ++++As library of:	file:///usr/share/nvim/runtime/lua
[18:41:49.300][info] [#0:script/workspace/loading.lua:98]: Skip loaded file: file:///usr/share/nvim/runtime/lua/jit/dis_ppc.lua
[18:41:49.300][info] [#0:script/workspace/loading.lua:101]: Preload file at: file:///usr/share/nvim/runtime/lua/jit/dis_mipsel.lua , size = 0.698 KB
[18:41:49.304][info] [#0:script/workspace/loading.lua:113]: ++++As library of:	file:///usr/share/nvim/runtime/lua
[18:41:49.304][info] [#0:script/workspace/loading.lua:98]: Skip loaded file: file:///usr/share/nvim/runtime/lua/jit/dis_x86.lua
[18:41:49.304][info] [#0:script/workspace/loading.lua:98]: Skip loaded file: file:///usr/share/nvim/runtime/lua/jit/dis_mipsel.lua
[18:41:49.305][info] [#0:script/workspace/loading.lua:101]: Preload file at: file:///usr/share/nvim/runtime/lua/jit/dis_arm.lua , size = 18.891 KB
[18:41:49.400][info] [#0:script/workspace/loading.lua:113]: ++++As library of:	file:///usr/share/nvim/runtime/lua
[18:41:49.401][info] [#0:script/workspace/loading.lua:101]: Preload file at: file:///usr/share/nvim/runtime/lua/jit/v.lua , size = 5.647 KB
[18:41:49.418][info] [#0:script/workspace/loading.lua:113]: ++++As library of:	file:///usr/share/nvim/runtime/lua
[18:41:49.419][info] [#0:script/workspace/loading.lua:98]: Skip loaded file: file:///usr/share/nvim/runtime/lua/jit/dis_arm.lua
[18:41:49.420][info] [#0:script/workspace/loading.lua:89]: Skip loaded file: file:///usr/share/nvim/runtime/lua/jit/v.lua
[18:41:49.420][info] [#0:script/workspace/loading.lua:113]: ++++As library of:	file:///usr/share/nvim/runtime/lua
[18:41:49.429][info] [#0:script/workspace/loading.lua:101]: Preload file at: file:///usr/share/nvim/runtime/lua/jit/dump.lua , size = 20.201 KB
[18:41:49.521][info] [#0:script/workspace/loading.lua:113]: ++++As library of:	file:///usr/share/nvim/runtime/lua
[18:41:49.522][info] [#0:script/workspace/loading.lua:98]: Skip loaded file: file:///usr/share/nvim/runtime/lua/jit/dump.lua
[18:41:49.522][info] [#0:script/workspace/loading.lua:101]: Preload file at: file:///usr/share/nvim/runtime/lua/jit/bc.lua , size = 5.488 KB
[18:41:49.544][info] [#0:script/workspace/loading.lua:113]: ++++As library of:	file:///usr/share/nvim/runtime/lua
[18:41:49.544][info] [#0:script/workspace/loading.lua:101]: Preload file at: file:///usr/share/nvim/runtime/lua/jit/dis_mips64el.lua , size = 0.700 KB
[18:41:49.547][info] [#0:script/workspace/loading.lua:113]: ++++As library of:	file:///usr/share/nvim/runtime/lua
[18:41:49.547][info] [#0:script/workspace/loading.lua:98]: Skip loaded file: file:///usr/share/nvim/runtime/lua/jit/bc.lua
[18:41:49.547][info] [#0:script/workspace/loading.lua:98]: Skip loaded file: file:///usr/share/nvim/runtime/lua/jit/dis_mips64el.lua
[18:41:49.548][info] [#0:script/workspace/loading.lua:101]: Preload file at: file:///usr/share/nvim/runtime/lua/jit/bcsave.lua , size = 19.096 KB
[18:41:49.661][info] [#0:script/workspace/loading.lua:113]: ++++As library of:	file:///usr/share/nvim/runtime/lua
[18:41:49.661][info] [#0:script/workspace/loading.lua:98]: Skip loaded file: file:///usr/share/nvim/runtime/lua/jit/bcsave.lua
[18:41:49.661][info] [#0:script/workspace/loading.lua:101]: Preload file at: file:///usr/share/nvim/runtime/lua/jit/vmdef.lua , size = 7.823 KB
[18:41:49.676][info] [#0:script/workspace/loading.lua:113]: ++++As library of:	file:///usr/share/nvim/runtime/lua
[18:41:49.676][info] [#0:script/workspace/loading.lua:98]: Skip loaded file: file:///usr/share/nvim/runtime/lua/jit/vmdef.lua
[18:41:49.676][info] [#0:script/workspace/loading.lua:101]: Preload file at: file:///usr/share/nvim/runtime/lua/jit/p.lua , size = 8.962 KB
[18:41:49.706][info] [#0:script/workspace/loading.lua:113]: ++++As library of:	file:///usr/share/nvim/runtime/lua
[18:41:49.707][info] [#0:script/workspace/loading.lua:98]: Skip loaded file: file:///usr/share/nvim/runtime/lua/jit/p.lua
[18:41:49.707][info] [#0:script/workspace/loading.lua:101]: Preload file at: file:///usr/share/nvim/runtime/lua/jit/dis_mips.lua , size = 21.494 KB
[18:41:49.782][info] [#0:script/workspace/loading.lua:113]: ++++As library of:	file:///usr/share/nvim/runtime/lua
[18:41:49.783][info] [#0:script/workspace/loading.lua:98]: Skip loaded file: file:///usr/share/nvim/runtime/lua/jit/dis_mips.lua
[18:41:49.783][info] [#0:script/workspace/loading.lua:101]: Preload file at: file:///usr/share/nvim/runtime/lua/vim/inspect.lua , size = 8.864 KB
[18:41:49.817][info] [#0:script/workspace/loading.lua:113]: ++++As library of:	file:///usr/share/nvim/runtime/lua
[18:41:49.817][info] [#0:script/workspace/loading.lua:98]: Skip loaded file: file:///usr/share/nvim/runtime/lua/vim/inspect.lua
[18:41:49.817][info] [#0:script/workspace/loading.lua:101]: Preload file at: file:///usr/share/nvim/runtime/lua/vim/_editor.lua , size = 29.339 KB
[18:41:49.915][info] [#0:script/workspace/loading.lua:113]: ++++As library of:	file:///usr/share/nvim/runtime/lua
[18:41:49.916][info] [#0:script/workspace/loading.lua:98]: Skip loaded file: file:///usr/share/nvim/runtime/lua/vim/_editor.lua
[18:41:49.916][info] [#0:script/workspace/loading.lua:101]: Preload file at: file:///usr/share/nvim/runtime/lua/vim/_init_packages.lua , size = 2.773 KB
[18:41:49.928][info] [#0:script/workspace/loading.lua:113]: ++++As library of:	file:///usr/share/nvim/runtime/lua
[18:41:49.928][info] [#0:script/workspace/loading.lua:98]: Skip loaded file: file:///usr/share/nvim/runtime/lua/vim/_init_packages.lua
[18:41:49.929][info] [#0:script/workspace/loading.lua:101]: Preload file at: file:///usr/share/nvim/runtime/lua/vim/secure.lua , size = 4.830 KB
[18:41:49.948][info] [#0:script/workspace/loading.lua:113]: ++++As library of:	file:///usr/share/nvim/runtime/lua
[18:41:49.948][info] [#0:script/workspace/loading.lua:98]: Skip loaded file: file:///usr/share/nvim/runtime/lua/vim/secure.lua
[18:41:49.948][info] [#0:script/workspace/loading.lua:101]: Preload file at: file:///usr/share/nvim/runtime/lua/vim/treesitter.lua , size = 15.225 KB
[18:41:50.000][info] [#0:script/workspace/loading.lua:113]: ++++As library of:	file:///usr/share/nvim/runtime/lua
[18:41:50.000][info] [#0:script/workspace/loading.lua:98]: Skip loaded file: file:///usr/share/nvim/runtime/lua/vim/treesitter.lua
[18:41:50.001][info] [#0:script/workspace/loading.lua:101]: Preload file at: file:///usr/share/nvim/runtime/lua/vim/fs.lua , size = 10.662 KB
[18:41:50.037][info] [#0:script/workspace/loading.lua:113]: ++++As library of:	file:///usr/share/nvim/runtime/lua
[18:41:50.037][info] [#0:script/workspace/loading.lua:98]: Skip loaded file: file:///usr/share/nvim/runtime/lua/vim/fs.lua
[18:41:50.060][info] [#0:script/workspace/loading.lua:101]: Preload file at: file:///usr/share/nvim/runtime/lua/vim/diagnostic.lua , size = 56.640 KB
[18:41:50.240][warn] [#0:script/files.lua:694]: Compile [file:///usr/share/nvim/runtime/lua/vim/diagnostic.lua] takes [0.170] sec, size [57.999] kb.
[18:41:50.295][info] [#0:script/workspace/loading.lua:113]: ++++As library of:	file:///usr/share/nvim/runtime/lua
[18:41:50.295][info] [#0:script/workspace/loading.lua:89]: Skip loaded file: file:///usr/share/nvim/runtime/lua/vim/diagnostic.lua
[18:41:50.296][info] [#0:script/workspace/loading.lua:113]: ++++As library of:	file:///usr/share/nvim/runtime/lua
[18:41:50.298][info] [#0:script/workspace/loading.lua:101]: Preload file at: file:///usr/share/nvim/runtime/lua/vim/_watch.lua , size = 5.387 KB
[18:41:50.325][info] [#0:script/workspace/loading.lua:113]: ++++As library of:	file:///usr/share/nvim/runtime/lua
[18:41:50.325][info] [#0:script/workspace/loading.lua:98]: Skip loaded file: file:///usr/share/nvim/runtime/lua/vim/_watch.lua
[18:41:50.342][info] [#0:script/workspace/loading.lua:101]: Preload file at: file:///usr/share/nvim/runtime/lua/vim/health.lua , size = 1.782 KB
[18:41:50.350][info] [#0:script/workspace/loading.lua:113]: ++++As library of:	file:///usr/share/nvim/runtime/lua
[18:41:50.350][info] [#0:script/workspace/loading.lua:89]: Skip loaded file: file:///usr/share/nvim/runtime/lua/vim/health.lua
[18:41:50.350][info] [#0:script/workspace/loading.lua:113]: ++++As library of:	file:///usr/share/nvim/runtime/lua
[18:41:50.369][info] [#0:script/workspace/loading.lua:101]: Preload file at: file:///usr/share/nvim/runtime/lua/vim/_inspector.lua , size = 7.915 KB
[18:41:50.405][info] [#0:script/workspace/loading.lua:113]: ++++As library of:	file:///usr/share/nvim/runtime/lua
[18:41:50.405][info] [#0:script/workspace/loading.lua:98]: Skip loaded file: file:///usr/share/nvim/runtime/lua/vim/_inspector.lua
[18:41:50.423][info] [#0:script/workspace/loading.lua:101]: Preload file at: file:///usr/share/nvim/runtime/lua/vim/lsp/_watchfiles.lua , size = 9.620 KB
[18:41:50.454][info] [#0:script/workspace/loading.lua:113]: ++++As library of:	file:///usr/share/nvim/runtime/lua
[18:41:50.454][info] [#0:script/workspace/loading.lua:98]: Skip loaded file: file:///usr/share/nvim/runtime/lua/vim/lsp/_watchfiles.lua
[18:41:50.486][info] [#0:script/workspace/loading.lua:101]: Preload file at: file:///usr/share/nvim/runtime/lua/vim/lsp/_snippet.lua , size = 10.744 KB
[18:41:50.546][info] [#0:script/workspace/loading.lua:113]: ++++As library of:	file:///usr/share/nvim/runtime/lua
[18:41:50.547][info] [#0:script/workspace/loading.lua:98]: Skip loaded file: file:///usr/share/nvim/runtime/lua/vim/lsp/_snippet.lua
[18:41:50.565][info] [#0:script/workspace/loading.lua:101]: Preload file at: file:///usr/share/nvim/runtime/lua/vim/lsp/tagfunc.lua , size = 2.339 KB
[18:41:50.574][info] [#0:script/workspace/loading.lua:113]: ++++As library of:	file:///usr/share/nvim/runtime/lua
[18:41:50.574][info] [#0:script/workspace/loading.lua:98]: Skip loaded file: file:///usr/share/nvim/runtime/lua/vim/lsp/tagfunc.lua
[18:41:50.603][info] [#0:script/workspace/loading.lua:101]: Preload file at: file:///usr/share/nvim/runtime/lua/vim/lsp/diagnostic.lua , size = 8.867 KB
[18:41:50.629][info] [#0:script/workspace/loading.lua:113]: ++++As library of:	file:///usr/share/nvim/runtime/lua
[18:41:50.629][info] [#0:script/workspace/loading.lua:98]: Skip loaded file: file:///usr/share/nvim/runtime/lua/vim/lsp/diagnostic.lua
[18:41:50.658][info] [#0:script/workspace/loading.lua:101]: Preload file at: file:///usr/share/nvim/runtime/lua/vim/lsp/buf.lua , size = 27.860 KB
[18:41:50.731][info] [#0:script/workspace/loading.lua:113]: ++++As library of:	file:///usr/share/nvim/runtime/lua
[18:41:50.732][info] [#0:script/workspace/loading.lua:98]: Skip loaded file: file:///usr/share/nvim/runtime/lua/vim/lsp/buf.lua
[18:41:50.762][info] [#0:script/workspace/loading.lua:101]: Preload file at: file:///usr/share/nvim/runtime/lua/vim/lsp/health.lua , size = 1.240 KB
[18:41:50.768][info] [#0:script/workspace/loading.lua:113]: ++++As library of:	file:///usr/share/nvim/runtime/lua
[18:41:50.768][info] [#0:script/workspace/loading.lua:98]: Skip loaded file: file:///usr/share/nvim/runtime/lua/vim/lsp/health.lua
[18:41:50.799][info] [#0:script/workspace/loading.lua:101]: Preload file at: file:///usr/share/nvim/runtime/lua/vim/lsp/semantic_tokens.lua , size = 25.936 KB
[18:41:50.869][info] [#0:script/workspace/loading.lua:113]: ++++As library of:	file:///usr/share/nvim/runtime/lua
[18:41:50.869][info] [#0:script/workspace/loading.lua:98]: Skip loaded file: file:///usr/share/nvim/runtime/lua/vim/lsp/semantic_tokens.lua
[18:41:50.899][info] [#0:script/workspace/loading.lua:101]: Preload file at: file:///usr/share/nvim/runtime/lua/vim/lsp/rpc.lua , size = 23.695 KB
[18:41:50.971][info] [#0:script/workspace/loading.lua:113]: ++++As library of:	file:///usr/share/nvim/runtime/lua
[18:41:50.972][info] [#0:script/workspace/loading.lua:89]: Skip loaded file: file:///usr/share/nvim/runtime/lua/vim/lsp/rpc.lua
[18:41:50.972][info] [#0:script/workspace/loading.lua:113]: ++++As library of:	file:///usr/share/nvim/runtime/lua
[18:41:51.011][info] [#0:script/workspace/loading.lua:101]: Preload file at: file:///usr/share/nvim/runtime/lua/vim/lsp/codelens.lua , size = 8.261 KB
[18:41:51.039][info] [#0:script/workspace/loading.lua:113]: ++++As library of:	file:///usr/share/nvim/runtime/lua
[18:41:51.039][info] [#0:script/workspace/loading.lua:89]: Skip loaded file: file:///usr/share/nvim/runtime/lua/vim/lsp/codelens.lua
[18:41:51.039][info] [#0:script/workspace/loading.lua:113]: ++++As library of:	file:///usr/share/nvim/runtime/lua
[18:41:51.081][info] [#0:script/workspace/loading.lua:101]: Preload file at: file:///usr/share/nvim/runtime/lua/vim/lsp/util.lua , size = 70.764 KB
[18:41:51.224][warn] [#0:script/files.lua:694]: Compile [file:///usr/share/nvim/runtime/lua/vim/lsp/util.lua] takes [0.139] sec, size [72.462] kb.
[18:41:51.368][warn] [#0:script/files.lua:557]: Parse LuaDoc of [file:///usr/share/nvim/runtime/lua/vim/lsp/util.lua] takes [0.139] sec, size [72.462] kb.
[18:41:51.382][info] [#0:script/workspace/loading.lua:113]: ++++As library of:	file:///usr/share/nvim/runtime/lua
[18:41:51.383][info] [#0:script/workspace/loading.lua:98]: Skip loaded file: file:///usr/share/nvim/runtime/lua/vim/lsp/util.lua
[18:41:51.427][info] [#0:script/workspace/loading.lua:101]: Preload file at: file:///usr/share/nvim/runtime/lua/vim/lsp/sync.lua , size = 15.681 KB
[18:41:51.464][info] [#0:script/workspace/loading.lua:113]: ++++As library of:	file:///usr/share/nvim/runtime/lua
[18:41:51.464][info] [#0:script/workspace/loading.lua:98]: Skip loaded file: file:///usr/share/nvim/runtime/lua/vim/lsp/sync.lua
[18:41:51.482][info] [#0:script/workspace/loading.lua:101]: Preload file at: file:///usr/share/nvim/runtime/lua/vim/lsp/types.lua , size = 0.924 KB
[18:41:51.487][info] [#0:script/workspace/loading.lua:113]: ++++As library of:	file:///usr/share/nvim/runtime/lua
[18:41:51.487][info] [#0:script/workspace/loading.lua:98]: Skip loaded file: file:///usr/share/nvim/runtime/lua/vim/lsp/types.lua
[18:41:51.505][info] [#0:script/workspace/loading.lua:101]: Preload file at: file:///usr/share/nvim/runtime/lua/vim/lsp/log.lua , size = 5.151 KB
[18:41:51.521][info] [#0:script/workspace/loading.lua:113]: ++++As library of:	file:///usr/share/nvim/runtime/lua
[18:41:51.521][info] [#0:script/workspace/loading.lua:98]: Skip loaded file: file:///usr/share/nvim/runtime/lua/vim/lsp/log.lua
[18:41:51.555][info] [#0:script/workspace/loading.lua:101]: Preload file at: file:///usr/share/nvim/runtime/lua/vim/lsp/handlers.lua , size = 23.587 KB
[18:41:51.615][info] [#0:script/workspace/loading.lua:113]: ++++As library of:	file:///usr/share/nvim/runtime/lua
[18:41:51.615][info] [#0:script/workspace/loading.lua:98]: Skip loaded file: file:///usr/share/nvim/runtime/lua/vim/lsp/handlers.lua
[18:41:51.653][info] [#0:script/workspace/loading.lua:101]: Preload file at: file:///usr/share/nvim/runtime/lua/vim/lsp/protocol.lua , size = 28.367 KB
[18:41:51.686][info] [#0:script/workspace/loading.lua:113]: ++++As library of:	file:///usr/share/nvim/runtime/lua
[18:41:51.686][info] [#0:script/workspace/loading.lua:98]: Skip loaded file: file:///usr/share/nvim/runtime/lua/vim/lsp/protocol.lua
[18:41:51.705][info] [#0:script/workspace/loading.lua:101]: Preload file at: file:///usr/share/nvim/runtime/lua/vim/ui.lua , size = 3.672 KB
[18:41:51.714][info] [#0:script/workspace/loading.lua:113]: ++++As library of:	file:///usr/share/nvim/runtime/lua
[18:41:51.715][info] [#0:script/workspace/loading.lua:98]: Skip loaded file: file:///usr/share/nvim/runtime/lua/vim/ui.lua
[18:41:51.723][info] [#0:script/workspace/loading.lua:101]: Preload file at: file:///usr/share/nvim/runtime/lua/vim/filetype.lua , size = 74.400 KB
[18:41:51.877][warn] [#0:script/files.lua:694]: Compile [file:///usr/share/nvim/runtime/lua/vim/filetype.lua] takes [0.152] sec, size [76.186] kb.
[18:41:51.924][info] [#0:script/workspace/loading.lua:113]: ++++As library of:	file:///usr/share/nvim/runtime/lua
[18:41:51.925][info] [#0:script/workspace/loading.lua:98]: Skip loaded file: file:///usr/share/nvim/runtime/lua/vim/filetype.lua
[18:41:51.936][info] [#0:script/workspace/loading.lua:101]: Preload file at: file:///usr/share/nvim/runtime/lua/vim/treesitter/_range.lua , size = 3.646 KB
[18:41:51.955][info] [#0:script/workspace/loading.lua:113]: ++++As library of:	file:///usr/share/nvim/runtime/lua
[18:41:51.955][info] [#0:script/workspace/loading.lua:98]: Skip loaded file: file:///usr/share/nvim/runtime/lua/vim/treesitter/_range.lua
[18:41:51.966][info] [#0:script/workspace/loading.lua:101]: Preload file at: file:///usr/share/nvim/runtime/lua/vim/treesitter/health.lua , size = 0.888 KB
[18:41:51.970][info] [#0:script/workspace/loading.lua:113]: ++++As library of:	file:///usr/share/nvim/runtime/lua
[18:41:51.970][info] [#0:script/workspace/loading.lua:98]: Skip loaded file: file:///usr/share/nvim/runtime/lua/vim/treesitter/health.lua
[18:41:51.981][info] [#0:script/workspace/loading.lua:101]: Preload file at: file:///usr/share/nvim/runtime/lua/vim/treesitter/languagetree.lua , size = 27.167 KB
[18:41:52.076][info] [#0:script/workspace/loading.lua:113]: ++++As library of:	file:///usr/share/nvim/runtime/lua
[18:41:52.076][info] [#0:script/workspace/loading.lua:98]: Skip loaded file: file:///usr/share/nvim/runtime/lua/vim/treesitter/languagetree.lua
[18:41:52.095][info] [#0:script/workspace/loading.lua:101]: Preload file at: file:///usr/share/nvim/runtime/lua/vim/treesitter/playground.lua , size = 12.551 KB
[18:41:52.141][info] [#0:script/workspace/loading.lua:113]: ++++As library of:	file:///usr/share/nvim/runtime/lua
[18:41:52.141][info] [#0:script/workspace/loading.lua:98]: Skip loaded file: file:///usr/share/nvim/runtime/lua/vim/treesitter/playground.lua
[18:41:52.161][info] [#0:script/workspace/loading.lua:101]: Preload file at: file:///usr/share/nvim/runtime/lua/vim/treesitter/query.lua , size = 21.253 KB
[18:41:52.229][info] [#0:script/workspace/loading.lua:113]: ++++As library of:	file:///usr/share/nvim/runtime/lua
[18:41:52.230][info] [#0:script/workspace/loading.lua:98]: Skip loaded file: file:///usr/share/nvim/runtime/lua/vim/treesitter/query.lua
[18:41:52.241][info] [#0:script/workspace/loading.lua:101]: Preload file at: file:///usr/share/nvim/runtime/lua/vim/treesitter/_fold.lua , size = 8.207 KB
[18:41:52.273][info] [#0:script/workspace/loading.lua:113]: ++++As library of:	file:///usr/share/nvim/runtime/lua
[18:41:52.273][info] [#0:script/workspace/loading.lua:98]: Skip loaded file: file:///usr/share/nvim/runtime/lua/vim/treesitter/_fold.lua
[18:41:52.298][info] [#0:script/workspace/loading.lua:101]: Preload file at: file:///usr/share/nvim/runtime/lua/vim/treesitter/highlighter.lua , size = 8.781 KB
[18:41:52.345][info] [#0:script/workspace/loading.lua:113]: ++++As library of:	file:///usr/share/nvim/runtime/lua
[18:41:52.345][info] [#0:script/workspace/loading.lua:98]: Skip loaded file: file:///usr/share/nvim/runtime/lua/vim/treesitter/highlighter.lua
[18:41:52.374][info] [#0:script/workspace/loading.lua:101]: Preload file at: file:///usr/share/nvim/runtime/lua/vim/treesitter/_meta.lua , size = 2.839 KB
[18:41:52.394][info] [#0:script/workspace/loading.lua:113]: ++++As library of:	file:///usr/share/nvim/runtime/lua
[18:41:52.394][info] [#0:script/workspace/loading.lua:98]: Skip loaded file: file:///usr/share/nvim/runtime/lua/vim/treesitter/_meta.lua
[18:41:52.412][info] [#0:script/workspace/loading.lua:101]: Preload file at: file:///usr/share/nvim/runtime/lua/vim/treesitter/language.lua , size = 3.528 KB
[18:41:52.428][info] [#0:script/workspace/loading.lua:113]: ++++As library of:	file:///usr/share/nvim/runtime/lua
[18:41:52.428][info] [#0:script/workspace/loading.lua:98]: Skip loaded file: file:///usr/share/nvim/runtime/lua/vim/treesitter/language.lua
[18:41:52.448][info] [#0:script/workspace/loading.lua:101]: Preload file at: file:///usr/share/nvim/runtime/lua/vim/shared.lua , size = 22.292 KB
[18:41:52.540][info] [#0:script/workspace/loading.lua:113]: ++++As library of:	file:///usr/share/nvim/runtime/lua
[18:41:52.541][info] [#0:script/workspace/loading.lua:89]: Skip loaded file: file:///usr/share/nvim/runtime/lua/vim/shared.lua
[18:41:52.541][info] [#0:script/workspace/loading.lua:113]: ++++As library of:	file:///usr/share/nvim/runtime/lua
[18:41:52.561][info] [#0:script/workspace/loading.lua:101]: Preload file at: file:///usr/share/nvim/runtime/lua/vim/filetype/detect.lua , size = 47.659 KB
[18:41:52.676][warn] [#0:script/files.lua:694]: Compile [file:///usr/share/nvim/runtime/lua/vim/filetype/detect.lua] takes [0.107] sec, size [48.803] kb.
[18:41:52.713][info] [#0:script/workspace/loading.lua:113]: ++++As library of:	file:///usr/share/nvim/runtime/lua
[18:41:52.713][info] [#0:script/workspace/loading.lua:98]: Skip loaded file: file:///usr/share/nvim/runtime/lua/vim/filetype/detect.lua
[18:41:52.734][info] [#0:script/workspace/loading.lua:101]: Preload file at: file:///usr/share/nvim/runtime/lua/vim/filetype/options.lua , size = 2.561 KB
[18:41:52.865][warn] [#0:script/files.lua:694]: Compile [file:///usr/share/nvim/runtime/lua/vim/filetype/options.lua] takes [0.124] sec, size [2.622] kb.
[18:41:52.872][info] [#0:script/workspace/loading.lua:113]: ++++As library of:	file:///usr/share/nvim/runtime/lua
[18:41:52.872][info] [#0:script/workspace/loading.lua:98]: Skip loaded file: file:///usr/share/nvim/runtime/lua/vim/filetype/options.lua
[18:41:52.894][info] [#0:script/workspace/loading.lua:101]: Preload file at: file:///usr/share/nvim/runtime/lua/vim/lsp.lua , size = 82.409 KB
[18:41:53.031][warn] [#0:script/files.lua:694]: Compile [file:///usr/share/nvim/runtime/lua/vim/lsp.lua] takes [0.130] sec, size [84.387] kb.
[18:41:53.108][info] [#0:script/workspace/loading.lua:113]: ++++As library of:	file:///usr/share/nvim/runtime/lua
[18:41:53.109][info] [#0:script/workspace/loading.lua:98]: Skip loaded file: file:///usr/share/nvim/runtime/lua/vim/lsp.lua
[18:41:53.133][info] [#0:script/workspace/loading.lua:101]: Preload file at: file:///usr/share/nvim/runtime/lua/vim/F.lua , size = 0.824 KB
[18:41:53.138][info] [#0:script/workspace/loading.lua:113]: ++++As library of:	file:///usr/share/nvim/runtime/lua
[18:41:53.138][info] [#0:script/workspace/loading.lua:89]: Skip loaded file: file:///usr/share/nvim/runtime/lua/vim/F.lua
[18:41:53.138][info] [#0:script/workspace/loading.lua:113]: ++++As library of:	file:///usr/share/nvim/runtime/lua
[18:41:53.169][info] [#0:script/workspace/loading.lua:101]: Preload file at: file:///usr/share/nvim/runtime/lua/vim/highlight.lua , size = 3.749 KB
[18:41:53.180][info] [#0:script/workspace/loading.lua:113]: ++++As library of:	file:///usr/share/nvim/runtime/lua
[18:41:53.180][info] [#0:script/workspace/loading.lua:98]: Skip loaded file: file:///usr/share/nvim/runtime/lua/vim/highlight.lua
[18:41:53.207][info] [#0:script/workspace/loading.lua:101]: Preload file at: file:///usr/share/nvim/runtime/lua/vim/keymap.lua , size = 3.573 KB
[18:41:53.218][info] [#0:script/workspace/loading.lua:113]: ++++As library of:	file:///usr/share/nvim/runtime/lua
[18:41:53.218][info] [#0:script/workspace/loading.lua:89]: Skip loaded file: file:///usr/share/nvim/runtime/lua/vim/keymap.lua
[18:41:53.218][info] [#0:script/workspace/loading.lua:113]: ++++As library of:	file:///usr/share/nvim/runtime/lua
[18:41:53.269][info] [#0:script/workspace/loading.lua:101]: Preload file at: file:///usr/share/nvim/runtime/lua/vim/_meta.lua , size = 12.077 KB
[18:41:53.307][info] [#0:script/workspace/loading.lua:113]: ++++As library of:	file:///usr/share/nvim/runtime/lua
[18:41:53.307][info] [#0:script/workspace/loading.lua:98]: Skip loaded file: file:///usr/share/nvim/runtime/lua/vim/_meta.lua
[18:41:53.365][info] [#0:script/workspace/loading.lua:101]: Preload file at: file:///usr/share/nvim/runtime/lua/vim/loader.lua , size = 16.182 KB
[18:41:53.431][info] [#0:script/workspace/loading.lua:113]: ++++As library of:	file:///usr/share/nvim/runtime/lua
[18:41:53.431][info] [#0:script/workspace/loading.lua:89]: Skip loaded file: file:///usr/share/nvim/runtime/lua/vim/loader.lua
[18:41:53.431][info] [#0:script/workspace/loading.lua:113]: ++++As library of:	file:///usr/share/nvim/runtime/lua
[18:41:53.458][info] [#0:script/workspace/loading.lua:101]: Preload file at: file:///usr/share/nvim/runtime/lua/vim/uri.lua , size = 3.376 KB
[18:41:53.470][info] [#0:script/workspace/loading.lua:113]: ++++As library of:	file:///usr/share/nvim/runtime/lua
[18:41:53.470][info] [#0:script/workspace/loading.lua:98]: Skip loaded file: file:///usr/share/nvim/runtime/lua/vim/uri.lua
[18:41:53.488][info] [#0:script/workspace/loading.lua:101]: Preload file at: file:///usr/share/nvim/runtime/lua/vim/version.lua , size = 12.146 KB
[18:41:53.525][info] [#0:script/workspace/loading.lua:113]: ++++As library of:	file:///usr/share/nvim/runtime/lua
[18:41:53.526][info] [#0:script/workspace/loading.lua:89]: Skip loaded file: file:///usr/share/nvim/runtime/lua/vim/version.lua
[18:41:53.526][info] [#0:script/workspace/loading.lua:113]: ++++As library of:	file:///usr/share/nvim/runtime/lua
[18:41:53.544][info] [#0:script/workspace/loading.lua:101]: Preload file at: file:///usr/share/nvim/runtime/lua/_vim9script.lua , size = 15.439 KB
[18:41:53.589][info] [#0:script/workspace/loading.lua:113]: ++++As library of:	file:///usr/share/nvim/runtime/lua
[18:41:53.589][info] [#0:script/workspace/loading.lua:98]: Skip loaded file: file:///usr/share/nvim/runtime/lua/_vim9script.lua
[18:41:53.609][info] [#0:script/workspace/loading.lua:101]: Preload file at: file:///usr/share/nvim/runtime/lua/editorconfig.lua , size = 6.716 KB
[18:41:53.632][info] [#0:script/workspace/loading.lua:113]: ++++As library of:	file:///usr/share/nvim/runtime/lua
[18:41:53.633][info] [#0:script/workspace/loading.lua:89]: Skip loaded file: file:///usr/share/nvim/runtime/lua/editorconfig.lua
[18:41:53.633][info] [#0:script/workspace/loading.lua:113]: ++++As library of:	file:///usr/share/nvim/runtime/lua
[18:41:53.660][info] [#0:script/workspace/loading.lua:89]: Skip loaded file: file:///usr/share/nvim/runtime/lua/vim/lsp/_watchfiles.lua
[18:41:53.660][info] [#0:script/workspace/loading.lua:113]: ++++As library of:	file:///usr/share/nvim/runtime/lua/vim/lsp
[18:41:53.660][info] [#0:script/workspace/loading.lua:89]: Skip loaded file: file:///usr/share/nvim/runtime/lua/vim/lsp/_watchfiles.lua
[18:41:53.660][info] [#0:script/workspace/loading.lua:113]: ++++As library of:	file:///usr/share/nvim/runtime/lua/vim/lsp
[18:41:54.052][info] [#0:script/workspace/loading.lua:89]: Skip loaded file: file:///usr/share/nvim/runtime/lua/vim/lsp/_snippet.lua
[18:41:54.053][info] [#0:script/workspace/loading.lua:113]: ++++As library of:	file:///usr/share/nvim/runtime/lua/vim/lsp
[18:41:54.053][info] [#0:script/workspace/loading.lua:89]: Skip loaded file: file:///usr/share/nvim/runtime/lua/vim/lsp/_snippet.lua
[18:41:54.053][info] [#0:script/workspace/loading.lua:113]: ++++As library of:	file:///usr/share/nvim/runtime/lua/vim/lsp
[18:41:54.439][info] [#0:script/workspace/loading.lua:89]: Skip loaded file: file:///usr/share/nvim/runtime/lua/vim/lsp/tagfunc.lua
[18:41:54.440][info] [#0:script/workspace/loading.lua:113]: ++++As library of:	file:///usr/share/nvim/runtime/lua/vim/lsp
[18:41:54.440][info] [#0:script/workspace/loading.lua:89]: Skip loaded file: file:///usr/share/nvim/runtime/lua/vim/lsp/tagfunc.lua
[18:41:54.440][info] [#0:script/workspace/loading.lua:113]: ++++As library of:	file:///usr/share/nvim/runtime/lua/vim/lsp
[18:41:54.474][info] [#0:script/workspace/loading.lua:89]: Skip loaded file: file:///usr/share/nvim/runtime/lua/vim/lsp/diagnostic.lua
[18:41:54.474][info] [#0:script/workspace/loading.lua:113]: ++++As library of:	file:///usr/share/nvim/runtime/lua/vim/lsp
[18:41:54.474][info] [#0:script/workspace/loading.lua:89]: Skip loaded file: file:///usr/share/nvim/runtime/lua/vim/lsp/diagnostic.lua
[18:41:54.474][info] [#0:script/workspace/loading.lua:113]: ++++As library of:	file:///usr/share/nvim/runtime/lua/vim/lsp
[18:41:54.495][info] [#0:script/workspace/loading.lua:89]: Skip loaded file: file:///usr/share/nvim/runtime/lua/vim/lsp/buf.lua
[18:41:54.495][info] [#0:script/workspace/loading.lua:113]: ++++As library of:	file:///usr/share/nvim/runtime/lua/vim/lsp
[18:41:54.495][info] [#0:script/workspace/loading.lua:89]: Skip loaded file: file:///usr/share/nvim/runtime/lua/vim/lsp/buf.lua
[18:41:54.495][info] [#0:script/workspace/loading.lua:113]: ++++As library of:	file:///usr/share/nvim/runtime/lua/vim/lsp
[18:41:54.520][info] [#0:script/workspace/loading.lua:89]: Skip loaded file: file:///usr/share/nvim/runtime/lua/vim/lsp/health.lua
[18:41:54.520][info] [#0:script/workspace/loading.lua:113]: ++++As library of:	file:///usr/share/nvim/runtime/lua/vim/lsp
[18:41:54.520][info] [#0:script/workspace/loading.lua:89]: Skip loaded file: file:///usr/share/nvim/runtime/lua/vim/lsp/health.lua
[18:41:54.520][info] [#0:script/workspace/loading.lua:113]: ++++As library of:	file:///usr/share/nvim/runtime/lua/vim/lsp
[18:41:54.552][info] [#0:script/workspace/loading.lua:89]: Skip loaded file: file:///usr/share/nvim/runtime/lua/vim/lsp/semantic_tokens.lua
[18:41:54.552][info] [#0:script/workspace/loading.lua:113]: ++++As library of:	file:///usr/share/nvim/runtime/lua/vim/lsp
[18:41:54.552][info] [#0:script/workspace/loading.lua:89]: Skip loaded file: file:///usr/share/nvim/runtime/lua/vim/lsp/semantic_tokens.lua
[18:41:54.553][info] [#0:script/workspace/loading.lua:113]: ++++As library of:	file:///usr/share/nvim/runtime/lua/vim/lsp
[18:41:54.576][info] [#0:script/workspace/loading.lua:89]: Skip loaded file: file:///usr/share/nvim/runtime/lua/vim/lsp/rpc.lua
[18:41:54.576][info] [#0:script/workspace/loading.lua:113]: ++++As library of:	file:///usr/share/nvim/runtime/lua/vim/lsp
[18:41:54.576][info] [#0:script/workspace/loading.lua:89]: Skip loaded file: file:///usr/share/nvim/runtime/lua/vim/lsp/rpc.lua
[18:41:54.576][info] [#0:script/workspace/loading.lua:113]: ++++As library of:	file:///usr/share/nvim/runtime/lua/vim/lsp
[18:41:54.594][info] [#0:script/workspace/loading.lua:89]: Skip loaded file: file:///usr/share/nvim/runtime/lua/vim/lsp/codelens.lua
[18:41:54.594][info] [#0:script/workspace/loading.lua:113]: ++++As library of:	file:///usr/share/nvim/runtime/lua/vim/lsp
[18:41:54.594][info] [#0:script/workspace/loading.lua:89]: Skip loaded file: file:///usr/share/nvim/runtime/lua/vim/lsp/codelens.lua
[18:41:54.594][info] [#0:script/workspace/loading.lua:113]: ++++As library of:	file:///usr/share/nvim/runtime/lua/vim/lsp
[18:41:54.613][info] [#0:script/workspace/loading.lua:89]: Skip loaded file: file:///usr/share/nvim/runtime/lua/vim/lsp/util.lua
[18:41:54.613][info] [#0:script/workspace/loading.lua:113]: ++++As library of:	file:///usr/share/nvim/runtime/lua/vim/lsp
[18:41:54.614][info] [#0:script/workspace/loading.lua:89]: Skip loaded file: file:///usr/share/nvim/runtime/lua/vim/lsp/util.lua
[18:41:54.614][info] [#0:script/workspace/loading.lua:113]: ++++As library of:	file:///usr/share/nvim/runtime/lua/vim/lsp
[18:41:54.631][info] [#0:script/workspace/loading.lua:89]: Skip loaded file: file:///usr/share/nvim/runtime/lua/vim/lsp/sync.lua
[18:41:54.631][info] [#0:script/workspace/loading.lua:113]: ++++As library of:	file:///usr/share/nvim/runtime/lua/vim/lsp
[18:41:54.631][info] [#0:script/workspace/loading.lua:89]: Skip loaded file: file:///usr/share/nvim/runtime/lua/vim/lsp/sync.lua
[18:41:54.631][info] [#0:script/workspace/loading.lua:113]: ++++As library of:	file:///usr/share/nvim/runtime/lua/vim/lsp
[18:41:54.650][info] [#0:script/workspace/loading.lua:89]: Skip loaded file: file:///usr/share/nvim/runtime/lua/vim/lsp/types.lua
[18:41:54.650][info] [#0:script/workspace/loading.lua:113]: ++++As library of:	file:///usr/share/nvim/runtime/lua/vim/lsp
[18:41:54.650][info] [#0:script/workspace/loading.lua:89]: Skip loaded file: file:///usr/share/nvim/runtime/lua/vim/lsp/types.lua
[18:41:54.650][info] [#0:script/workspace/loading.lua:113]: ++++As library of:	file:///usr/share/nvim/runtime/lua/vim/lsp
[18:41:54.675][info] [#0:script/workspace/loading.lua:89]: Skip loaded file: file:///usr/share/nvim/runtime/lua/vim/lsp/log.lua
[18:41:54.675][info] [#0:script/workspace/loading.lua:113]: ++++As library of:	file:///usr/share/nvim/runtime/lua/vim/lsp
[18:41:54.675][info] [#0:script/workspace/loading.lua:89]: Skip loaded file: file:///usr/share/nvim/runtime/lua/vim/lsp/log.lua
[18:41:54.675][info] [#0:script/workspace/loading.lua:113]: ++++As library of:	file:///usr/share/nvim/runtime/lua/vim/lsp
[18:41:54.756][info] [#0:script/workspace/loading.lua:89]: Skip loaded file: file:///usr/share/nvim/runtime/lua/vim/lsp/handlers.lua
[18:41:54.756][info] [#0:script/workspace/loading.lua:113]: ++++As library of:	file:///usr/share/nvim/runtime/lua/vim/lsp
[18:41:54.756][info] [#0:script/workspace/loading.lua:89]: Skip loaded file: file:///usr/share/nvim/runtime/lua/vim/lsp/handlers.lua
[18:41:54.756][info] [#0:script/workspace/loading.lua:113]: ++++As library of:	file:///usr/share/nvim/runtime/lua/vim/lsp
[18:41:54.829][info] [#0:script/workspace/loading.lua:89]: Skip loaded file: file:///usr/share/nvim/runtime/lua/vim/lsp/protocol.lua
[18:41:54.829][info] [#0:script/workspace/loading.lua:113]: ++++As library of:	file:///usr/share/nvim/runtime/lua/vim/lsp
[18:41:54.829][info] [#0:script/workspace/loading.lua:89]: Skip loaded file: file:///usr/share/nvim/runtime/lua/vim/lsp/protocol.lua
[18:41:54.829][info] [#0:script/workspace/loading.lua:113]: ++++As library of:	file:///usr/share/nvim/runtime/lua/vim/lsp
[18:41:54.842][info] [#0:script/workspace/loading.lua:101]: Preload file at: file:///home/nomka/.local/share/nvim/mason/packages/lua-language-server/libexec/meta/Lua%205.4%20en-us%20utf8/os.lua , size = 4.347 KB
[18:41:54.858][info] [#0:script/workspace/loading.lua:113]: ++++As library of:	file:///home/nomka/.local/share/nvim/mason/packages/lua-language-server/libexec/meta/Lua%205.4%20en-us%20utf8/os.lua
[18:41:54.858][info] [#0:script/workspace/loading.lua:98]: Skip loaded file: file:///home/nomka/.local/share/nvim/mason/packages/lua-language-server/libexec/meta/Lua%205.4%20en-us%20utf8/os.lua
[18:41:54.865][info] [#0:script/workspace/loading.lua:101]: Preload file at: file:///home/nomka/.local/share/nvim/mason/packages/lua-language-server/libexec/meta/Lua%205.4%20en-us%20utf8/coroutine.lua , size = 2.590 KB
[18:41:54.875][info] [#0:script/workspace/loading.lua:113]: ++++As library of:	file:///home/nomka/.local/share/nvim/mason/packages/lua-language-server/libexec/meta/Lua%205.4%20en-us%20utf8/coroutine.lua
[18:41:54.875][info] [#0:script/workspace/loading.lua:98]: Skip loaded file: file:///home/nomka/.local/share/nvim/mason/packages/lua-language-server/libexec/meta/Lua%205.4%20en-us%20utf8/coroutine.lua
[18:41:54.883][info] [#0:script/workspace/loading.lua:101]: Preload file at: file:///home/nomka/.local/share/nvim/mason/packages/lua-language-server/libexec/meta/Lua%205.4%20en-us%20utf8/basic.lua , size = 15.185 KB
[18:41:54.928][info] [#0:script/workspace/loading.lua:113]: ++++As library of:	file:///home/nomka/.local/share/nvim/mason/packages/lua-language-server/libexec/meta/Lua%205.4%20en-us%20utf8/basic.lua
[18:41:54.928][info] [#0:script/workspace/loading.lua:98]: Skip loaded file: file:///home/nomka/.local/share/nvim/mason/packages/lua-language-server/libexec/meta/Lua%205.4%20en-us%20utf8/basic.lua
[18:41:54.936][info] [#0:script/workspace/loading.lua:101]: Preload file at: file:///home/nomka/.local/share/nvim/mason/packages/lua-language-server/libexec/meta/Lua%205.4%20en-us%20utf8/debug.lua , size = 7.637 KB
[18:41:54.965][info] [#0:script/workspace/loading.lua:113]: ++++As library of:	file:///home/nomka/.local/share/nvim/mason/packages/lua-language-server/libexec/meta/Lua%205.4%20en-us%20utf8/debug.lua
[18:41:54.966][info] [#0:script/workspace/loading.lua:98]: Skip loaded file: file:///home/nomka/.local/share/nvim/mason/packages/lua-language-server/libexec/meta/Lua%205.4%20en-us%20utf8/debug.lua
[18:41:54.973][info] [#0:script/workspace/loading.lua:101]: Preload file at: file:///home/nomka/.local/share/nvim/mason/packages/lua-language-server/libexec/meta/Lua%205.4%20en-us%20utf8/io.lua , size = 6.364 KB
[18:41:54.997][info] [#0:script/workspace/loading.lua:113]: ++++As library of:	file:///home/nomka/.local/share/nvim/mason/packages/lua-language-server/libexec/meta/Lua%205.4%20en-us%20utf8/io.lua
[18:41:54.997][info] [#0:script/workspace/loading.lua:98]: Skip loaded file: file:///home/nomka/.local/share/nvim/mason/packages/lua-language-server/libexec/meta/Lua%205.4%20en-us%20utf8/io.lua
[18:41:55.001][info] [#0:script/workspace/loading.lua:101]: Preload file at: file:///home/nomka/.local/share/nvim/mason/packages/lua-language-server/libexec/meta/Lua%205.4%20en-us%20utf8/string.lua , size = 6.313 KB
[18:41:55.024][info] [#0:script/workspace/loading.lua:113]: ++++As library of:	file:///home/nomka/.local/share/nvim/mason/packages/lua-language-server/libexec/meta/Lua%205.4%20en-us%20utf8/string.lua
[18:41:55.024][info] [#0:script/workspace/loading.lua:98]: Skip loaded file: file:///home/nomka/.local/share/nvim/mason/packages/lua-language-server/libexec/meta/Lua%205.4%20en-us%20utf8/string.lua
[18:41:55.027][info] [#0:script/workspace/loading.lua:101]: Preload file at: file:///home/nomka/.local/share/nvim/mason/packages/lua-language-server/libexec/meta/Lua%205.4%20en-us%20utf8/math.lua , size = 8.731 KB
[18:41:55.061][info] [#0:script/workspace/loading.lua:113]: ++++As library of:	file:///home/nomka/.local/share/nvim/mason/packages/lua-language-server/libexec/meta/Lua%205.4%20en-us%20utf8/math.lua
[18:41:55.062][info] [#0:script/workspace/loading.lua:98]: Skip loaded file: file:///home/nomka/.local/share/nvim/mason/packages/lua-language-server/libexec/meta/Lua%205.4%20en-us%20utf8/math.lua
[18:41:55.065][info] [#0:script/workspace/loading.lua:101]: Preload file at: file:///home/nomka/.local/share/nvim/mason/packages/lua-language-server/libexec/meta/Lua%205.4%20en-us%20utf8/utf8.lua , size = 2.386 KB
[18:41:55.075][info] [#0:script/workspace/loading.lua:113]: ++++As library of:	file:///home/nomka/.local/share/nvim/mason/packages/lua-language-server/libexec/meta/Lua%205.4%20en-us%20utf8/utf8.lua
[18:41:55.076][info] [#0:script/workspace/loading.lua:98]: Skip loaded file: file:///home/nomka/.local/share/nvim/mason/packages/lua-language-server/libexec/meta/Lua%205.4%20en-us%20utf8/utf8.lua
[18:41:55.079][info] [#0:script/workspace/loading.lua:101]: Preload file at: file:///home/nomka/.local/share/nvim/mason/packages/lua-language-server/libexec/meta/Lua%205.4%20en-us%20utf8/package.lua , size = 2.944 KB
[18:41:55.089][info] [#0:script/workspace/loading.lua:113]: ++++As library of:	file:///home/nomka/.local/share/nvim/mason/packages/lua-language-server/libexec/meta/Lua%205.4%20en-us%20utf8/package.lua
[18:41:55.089][info] [#0:script/workspace/loading.lua:98]: Skip loaded file: file:///home/nomka/.local/share/nvim/mason/packages/lua-language-server/libexec/meta/Lua%205.4%20en-us%20utf8/package.lua
[18:41:55.091][info] [#0:script/workspace/loading.lua:101]: Preload file at: file:///home/nomka/.local/share/nvim/lazy/lazy.nvim/lua/lazy/example.lua , size = 2.643 KB
[18:41:55.097][info] [#0:script/workspace/loading.lua:113]: ++++As library of:	file:///home/nomka/.local/share/nvim/lazy/lazy.nvim/lua/lazy
[18:41:55.097][info] [#0:script/workspace/loading.lua:98]: Skip loaded file: file:///home/nomka/.local/share/nvim/lazy/lazy.nvim/lua/lazy/example.lua
[18:41:55.098][info] [#0:script/workspace/loading.lua:101]: Preload file at: file:///home/nomka/.local/share/nvim/lazy/lazy.nvim/lua/lazy/status.lua , size = 0.353 KB
[18:41:55.101][info] [#0:script/workspace/loading.lua:113]: ++++As library of:	file:///home/nomka/.local/share/nvim/lazy/lazy.nvim/lua/lazy
[18:41:55.102][info] [#0:script/workspace/loading.lua:98]: Skip loaded file: file:///home/nomka/.local/share/nvim/lazy/lazy.nvim/lua/lazy/status.lua
[18:41:55.102][info] [#0:script/workspace/loading.lua:101]: Preload file at: file:///home/nomka/.local/share/nvim/lazy/lazy.nvim/lua/lazy/view/init.lua , size = 7.404 KB
[18:41:55.138][info] [#0:script/workspace/loading.lua:113]: ++++As library of:	file:///home/nomka/.local/share/nvim/lazy/lazy.nvim/lua/lazy
[18:41:55.138][info] [#0:script/workspace/loading.lua:98]: Skip loaded file: file:///home/nomka/.local/share/nvim/lazy/lazy.nvim/lua/lazy/view/init.lua
[18:41:55.139][info] [#0:script/workspace/loading.lua:101]: Preload file at: file:///home/nomka/.local/share/nvim/lazy/lazy.nvim/lua/lazy/view/colors.lua , size = 1.495 KB
[18:41:55.144][info] [#0:script/workspace/loading.lua:113]: ++++As library of:	file:///home/nomka/.local/share/nvim/lazy/lazy.nvim/lua/lazy
[18:41:55.145][info] [#0:script/workspace/loading.lua:98]: Skip loaded file: file:///home/nomka/.local/share/nvim/lazy/lazy.nvim/lua/lazy/view/colors.lua
[18:41:55.145][info] [#0:script/workspace/loading.lua:101]: Preload file at: file:///home/nomka/.local/share/nvim/lazy/lazy.nvim/lua/lazy/view/text.lua , size = 3.820 KB
[18:41:55.166][info] [#0:script/workspace/loading.lua:113]: ++++As library of:	file:///home/nomka/.local/share/nvim/lazy/lazy.nvim/lua/lazy
[18:41:55.166][info] [#0:script/workspace/loading.lua:89]: Skip loaded file: file:///home/nomka/.local/share/nvim/lazy/lazy.nvim/lua/lazy/view/text.lua
[18:41:55.166][info] [#0:script/workspace/loading.lua:113]: ++++As library of:	file:///home/nomka/.local/share/nvim/lazy/lazy.nvim/lua/lazy
[18:41:55.167][info] [#0:script/workspace/loading.lua:101]: Preload file at: file:///home/nomka/.local/share/nvim/lazy/lazy.nvim/lua/lazy/view/config.lua , size = 3.462 KB
[18:41:55.179][info] [#0:script/workspace/loading.lua:113]: ++++As library of:	file:///home/nomka/.local/share/nvim/lazy/lazy.nvim/lua/lazy
[18:41:55.179][info] [#0:script/workspace/loading.lua:98]: Skip loaded file: file:///home/nomka/.local/share/nvim/lazy/lazy.nvim/lua/lazy/view/config.lua
[18:41:55.179][info] [#0:script/workspace/loading.lua:101]: Preload file at: file:///home/nomka/.local/share/nvim/lazy/lazy.nvim/lua/lazy/view/commands.lua , size = 3.332 KB
[18:41:55.196][info] [#0:script/workspace/loading.lua:113]: ++++As library of:	file:///home/nomka/.local/share/nvim/lazy/lazy.nvim/lua/lazy
[18:41:55.196][info] [#0:script/workspace/loading.lua:98]: Skip loaded file: file:///home/nomka/.local/share/nvim/lazy/lazy.nvim/lua/lazy/view/commands.lua
[18:41:55.197][info] [#0:script/workspace/loading.lua:101]: Preload file at: file:///home/nomka/.local/share/nvim/lazy/lazy.nvim/lua/lazy/view/sections.lua , size = 2.250 KB
[18:41:55.207][info] [#0:script/workspace/loading.lua:113]: ++++As library of:	file:///home/nomka/.local/share/nvim/lazy/lazy.nvim/lua/lazy
[18:41:55.207][info] [#0:script/workspace/loading.lua:89]: Skip loaded file: file:///home/nomka/.local/share/nvim/lazy/lazy.nvim/lua/lazy/view/sections.lua
[18:41:55.208][info] [#0:script/workspace/loading.lua:113]: ++++As library of:	file:///home/nomka/.local/share/nvim/lazy/lazy.nvim/lua/lazy
[18:41:55.209][info] [#0:script/workspace/loading.lua:101]: Preload file at: file:///home/nomka/.local/share/nvim/lazy/lazy.nvim/lua/lazy/view/render.lua , size = 20.803 KB
[18:41:55.319][info] [#0:script/workspace/loading.lua:113]: ++++As library of:	file:///home/nomka/.local/share/nvim/lazy/lazy.nvim/lua/lazy
[18:41:55.319][info] [#0:script/workspace/loading.lua:98]: Skip loaded file: file:///home/nomka/.local/share/nvim/lazy/lazy.nvim/lua/lazy/view/render.lua
[18:41:55.319][info] [#0:script/workspace/loading.lua:101]: Preload file at: file:///home/nomka/.local/share/nvim/lazy/lazy.nvim/lua/lazy/view/float.lua , size = 6.936 KB
[18:41:55.361][info] [#0:script/workspace/loading.lua:113]: ++++As library of:	file:///home/nomka/.local/share/nvim/lazy/lazy.nvim/lua/lazy
[18:41:55.362][info] [#0:script/workspace/loading.lua:98]: Skip loaded file: file:///home/nomka/.local/share/nvim/lazy/lazy.nvim/lua/lazy/view/float.lua
[18:41:55.362][info] [#0:script/workspace/loading.lua:101]: Preload file at: file:///home/nomka/.local/share/nvim/lazy/lazy.nvim/lua/lazy/view/diff.lua , size = 1.585 KB
[18:41:55.371][info] [#0:script/workspace/loading.lua:113]: ++++As library of:	file:///home/nomka/.local/share/nvim/lazy/lazy.nvim/lua/lazy
[18:41:55.371][info] [#0:script/workspace/loading.lua:98]: Skip loaded file: file:///home/nomka/.local/share/nvim/lazy/lazy.nvim/lua/lazy/view/diff.lua
[18:41:55.371][info] [#0:script/workspace/loading.lua:101]: Preload file at: file:///home/nomka/.local/share/nvim/lazy/lazy.nvim/lua/lazy/stats.lua , size = 2.068 KB
[18:41:55.380][info] [#0:script/workspace/loading.lua:113]: ++++As library of:	file:///home/nomka/.local/share/nvim/lazy/lazy.nvim/lua/lazy
[18:41:55.381][info] [#0:script/workspace/loading.lua:98]: Skip loaded file: file:///home/nomka/.local/share/nvim/lazy/lazy.nvim/lua/lazy/stats.lua
[18:41:55.381][info] [#0:script/workspace/loading.lua:101]: Preload file at: file:///home/nomka/.local/share/nvim/lazy/lazy.nvim/lua/lazy/init.lua , size = 3.058 KB
[18:41:55.395][info] [#0:script/workspace/loading.lua:113]: ++++As library of:	file:///home/nomka/.local/share/nvim/lazy/lazy.nvim/lua/lazy
[18:41:55.395][info] [#0:script/workspace/loading.lua:98]: Skip loaded file: file:///home/nomka/.local/share/nvim/lazy/lazy.nvim/lua/lazy/init.lua
[18:41:55.396][info] [#0:script/workspace/loading.lua:101]: Preload file at: file:///home/nomka/.local/share/nvim/lazy/lazy.nvim/lua/lazy/help.lua , size = 2.216 KB
[18:41:55.416][info] [#0:script/workspace/loading.lua:113]: ++++As library of:	file:///home/nomka/.local/share/nvim/lazy/lazy.nvim/lua/lazy
[18:41:55.416][info] [#0:script/workspace/loading.lua:98]: Skip loaded file: file:///home/nomka/.local/share/nvim/lazy/lazy.nvim/lua/lazy/help.lua
[18:41:55.416][info] [#0:script/workspace/loading.lua:101]: Preload file at: file:///home/nomka/.local/share/nvim/lazy/lazy.nvim/lua/lazy/health.lua , size = 3.315 KB
[18:41:55.433][info] [#0:script/workspace/loading.lua:113]: ++++As library of:	file:///home/nomka/.local/share/nvim/lazy/lazy.nvim/lua/lazy
[18:41:55.434][info] [#0:script/workspace/loading.lua:89]: Skip loaded file: file:///home/nomka/.local/share/nvim/lazy/lazy.nvim/lua/lazy/health.lua
[18:41:55.434][info] [#0:script/workspace/loading.lua:113]: ++++As library of:	file:///home/nomka/.local/share/nvim/lazy/lazy.nvim/lua/lazy
[18:41:55.435][info] [#0:script/workspace/loading.lua:101]: Preload file at: file:///home/nomka/.local/share/nvim/lazy/lazy.nvim/lua/lazy/docs.lua , size = 4.453 KB
[18:41:55.459][info] [#0:script/workspace/loading.lua:113]: ++++As library of:	file:///home/nomka/.local/share/nvim/lazy/lazy.nvim/lua/lazy
[18:41:55.459][info] [#0:script/workspace/loading.lua:98]: Skip loaded file: file:///home/nomka/.local/share/nvim/lazy/lazy.nvim/lua/lazy/docs.lua
[18:41:55.460][info] [#0:script/workspace/loading.lua:101]: Preload file at: file:///home/nomka/.local/share/nvim/lazy/lazy.nvim/lua/lazy/core/plugin.lua , size = 13.744 KB
[18:41:55.528][info] [#0:script/workspace/loading.lua:113]: ++++As library of:	file:///home/nomka/.local/share/nvim/lazy/lazy.nvim/lua/lazy
[18:41:55.528][info] [#0:script/workspace/loading.lua:98]: Skip loaded file: file:///home/nomka/.local/share/nvim/lazy/lazy.nvim/lua/lazy/core/plugin.lua
[18:41:55.528][info] [#0:script/workspace/loading.lua:101]: Preload file at: file:///home/nomka/.local/share/nvim/lazy/lazy.nvim/lua/lazy/core/handler/cmd.lua , size = 1.546 KB
[18:41:55.538][info] [#0:script/workspace/loading.lua:113]: ++++As library of:	file:///home/nomka/.local/share/nvim/lazy/lazy.nvim/lua/lazy
[18:41:55.538][info] [#0:script/workspace/loading.lua:98]: Skip loaded file: file:///home/nomka/.local/share/nvim/lazy/lazy.nvim/lua/lazy/core/handler/cmd.lua
[18:41:55.539][info] [#0:script/workspace/loading.lua:101]: Preload file at: file:///home/nomka/.local/share/nvim/lazy/lazy.nvim/lua/lazy/core/handler/init.lua , size = 2.373 KB
[18:41:55.555][info] [#0:script/workspace/loading.lua:113]: ++++As library of:	file:///home/nomka/.local/share/nvim/lazy/lazy.nvim/lua/lazy
[18:41:55.555][info] [#0:script/workspace/loading.lua:98]: Skip loaded file: file:///home/nomka/.local/share/nvim/lazy/lazy.nvim/lua/lazy/core/handler/init.lua
[18:41:55.555][info] [#0:script/workspace/loading.lua:101]: Preload file at: file:///home/nomka/.local/share/nvim/lazy/lazy.nvim/lua/lazy/core/handler/event.lua , size = 2.642 KB
[18:41:55.569][info] [#0:script/workspace/loading.lua:113]: ++++As library of:	file:///home/nomka/.local/share/nvim/lazy/lazy.nvim/lua/lazy
[18:41:55.569][info] [#0:script/workspace/loading.lua:101]: Preload file at: file:///home/nomka/.local/share/nvim/lazy/lazy.nvim/lua/lazy/core/handler/ft.lua , size = 0.984 KB
[18:41:55.575][info] [#0:script/workspace/loading.lua:113]: ++++As library of:	file:///home/nomka/.local/share/nvim/lazy/lazy.nvim/lua/lazy
[18:41:55.576][info] [#0:script/workspace/loading.lua:98]: Skip loaded file: file:///home/nomka/.local/share/nvim/lazy/lazy.nvim/lua/lazy/core/handler/ft.lua
[18:41:55.576][info] [#0:script/workspace/loading.lua:98]: Skip loaded file: file:///home/nomka/.local/share/nvim/lazy/lazy.nvim/lua/lazy/core/handler/event.lua
[18:41:55.577][info] [#0:script/workspace/loading.lua:101]: Preload file at: file:///home/nomka/.local/share/nvim/lazy/lazy.nvim/lua/lazy/core/handler/keys.lua , size = 2.360 KB
[18:41:55.590][info] [#0:script/workspace/loading.lua:113]: ++++As library of:	file:///home/nomka/.local/share/nvim/lazy/lazy.nvim/lua/lazy
[18:41:55.591][info] [#0:script/workspace/loading.lua:101]: Preload file at: file:///home/nomka/.local/share/nvim/lazy/lazy.nvim/lua/lazy/core/config.lua , size = 8.253 KB
[18:41:55.618][info] [#0:script/workspace/loading.lua:113]: ++++As library of:	file:///home/nomka/.local/share/nvim/lazy/lazy.nvim/lua/lazy
[18:41:55.618][info] [#0:script/workspace/loading.lua:98]: Skip loaded file: file:///home/nomka/.local/share/nvim/lazy/lazy.nvim/lua/lazy/core/handler/keys.lua
[18:41:55.618][info] [#0:script/workspace/loading.lua:89]: Skip loaded file: file:///home/nomka/.local/share/nvim/lazy/lazy.nvim/lua/lazy/core/config.lua
[18:41:55.618][info] [#0:script/workspace/loading.lua:113]: ++++As library of:	file:///home/nomka/.local/share/nvim/lazy/lazy.nvim/lua/lazy
[18:41:55.619][info] [#0:script/workspace/loading.lua:101]: Preload file at: file:///home/nomka/.local/share/nvim/lazy/lazy.nvim/lua/lazy/core/util.lua , size = 9.879 KB
[18:41:55.669][info] [#0:script/workspace/loading.lua:113]: ++++As library of:	file:///home/nomka/.local/share/nvim/lazy/lazy.nvim/lua/lazy
[18:41:55.670][info] [#0:script/workspace/loading.lua:101]: Preload file at: file:///home/nomka/.local/share/nvim/lazy/lazy.nvim/lua/lazy/core/cache.lua , size = 16.600 KB
[18:41:55.739][info] [#0:script/workspace/loading.lua:113]: ++++As library of:	file:///home/nomka/.local/share/nvim/lazy/lazy.nvim/lua/lazy
[18:41:55.739][info] [#0:script/workspace/loading.lua:98]: Skip loaded file: file:///home/nomka/.local/share/nvim/lazy/lazy.nvim/lua/lazy/core/cache.lua
[18:41:55.739][info] [#0:script/workspace/loading.lua:98]: Skip loaded file: file:///home/nomka/.local/share/nvim/lazy/lazy.nvim/lua/lazy/core/util.lua
[18:41:55.741][info] [#0:script/workspace/loading.lua:101]: Preload file at: file:///home/nomka/.local/share/nvim/lazy/lazy.nvim/lua/lazy/core/loader.lua , size = 13.281 KB
[18:41:55.797][info] [#0:script/workspace/loading.lua:113]: ++++As library of:	file:///home/nomka/.local/share/nvim/lazy/lazy.nvim/lua/lazy
[18:41:55.797][info] [#0:script/workspace/loading.lua:101]: Preload file at: file:///home/nomka/.local/share/nvim/lazy/lazy.nvim/lua/lazy/util.lua , size = 5.646 KB
[18:41:55.828][info] [#0:script/workspace/loading.lua:113]: ++++As library of:	file:///home/nomka/.local/share/nvim/lazy/lazy.nvim/lua/lazy
[18:41:55.828][info] [#0:script/workspace/loading.lua:98]: Skip loaded file: file:///home/nomka/.local/share/nvim/lazy/lazy.nvim/lua/lazy/util.lua
[18:41:55.829][info] [#0:script/workspace/loading.lua:98]: Skip loaded file: file:///home/nomka/.local/share/nvim/lazy/lazy.nvim/lua/lazy/core/loader.lua
[18:41:55.829][info] [#0:script/workspace/loading.lua:101]: Preload file at: file:///home/nomka/.local/share/nvim/lazy/lazy.nvim/lua/lazy/types.lua , size = 2.743 KB
[18:41:55.843][info] [#0:script/workspace/loading.lua:113]: ++++As library of:	file:///home/nomka/.local/share/nvim/lazy/lazy.nvim/lua/lazy
[18:41:55.843][info] [#0:script/workspace/loading.lua:98]: Skip loaded file: file:///home/nomka/.local/share/nvim/lazy/lazy.nvim/lua/lazy/types.lua
[18:41:55.846][info] [#0:script/workspace/loading.lua:101]: Preload file at: file:///home/nomka/.local/share/nvim/lazy/lazy.nvim/lua/lazy/state.lua , size = 0.859 KB
[18:41:55.852][info] [#0:script/workspace/loading.lua:113]: ++++As library of:	file:///home/nomka/.local/share/nvim/lazy/lazy.nvim/lua/lazy
[18:41:55.852][info] [#0:script/workspace/loading.lua:89]: Skip loaded file: file:///home/nomka/.local/share/nvim/lazy/lazy.nvim/lua/lazy/state.lua
[18:41:55.852][info] [#0:script/workspace/loading.lua:113]: ++++As library of:	file:///home/nomka/.local/share/nvim/lazy/lazy.nvim/lua/lazy
[18:41:55.853][info] [#0:script/workspace/loading.lua:101]: Preload file at: file:///home/nomka/.local/share/nvim/lazy/lazy.nvim/lua/lazy/manage/semver.lua , size = 4.409 KB
[18:41:55.878][info] [#0:script/workspace/loading.lua:113]: ++++As library of:	file:///home/nomka/.local/share/nvim/lazy/lazy.nvim/lua/lazy
[18:41:55.880][info] [#0:script/workspace/loading.lua:98]: Skip loaded file: file:///home/nomka/.local/share/nvim/lazy/lazy.nvim/lua/lazy/manage/semver.lua
[18:41:55.880][info] [#0:script/workspace/loading.lua:101]: Preload file at: file:///home/nomka/.local/share/nvim/lazy/lazy.nvim/lua/lazy/manage/runner.lua , size = 3.957 KB
[18:41:55.902][info] [#0:script/workspace/loading.lua:113]: ++++As library of:	file:///home/nomka/.local/share/nvim/lazy/lazy.nvim/lua/lazy
[18:41:55.902][info] [#0:script/workspace/loading.lua:98]: Skip loaded file: file:///home/nomka/.local/share/nvim/lazy/lazy.nvim/lua/lazy/manage/runner.lua
[18:41:55.903][info] [#0:script/workspace/loading.lua:101]: Preload file at: file:///home/nomka/.local/share/nvim/lazy/lazy.nvim/lua/lazy/manage/init.lua , size = 5.445 KB
[18:41:56.119][warn] [#0:script/files.lua:694]: Compile [file:///home/nomka/.local/share/nvim/lazy/lazy.nvim/lua/lazy/manage/init.lua] takes [0.200] sec, size [5.576] kb.
[18:41:56.128][info] [#0:script/workspace/loading.lua:113]: ++++As library of:	file:///home/nomka/.local/share/nvim/lazy/lazy.nvim/lua/lazy
[18:41:56.129][info] [#0:script/workspace/loading.lua:98]: Skip loaded file: file:///home/nomka/.local/share/nvim/lazy/lazy.nvim/lua/lazy/manage/init.lua
[18:41:56.129][info] [#0:script/workspace/loading.lua:101]: Preload file at: file:///home/nomka/.local/share/nvim/lazy/lazy.nvim/lua/lazy/manage/reloader.lua , size = 2.487 KB
[18:41:56.143][info] [#0:script/workspace/loading.lua:113]: ++++As library of:	file:///home/nomka/.local/share/nvim/lazy/lazy.nvim/lua/lazy
[18:41:56.143][info] [#0:script/workspace/loading.lua:98]: Skip loaded file: file:///home/nomka/.local/share/nvim/lazy/lazy.nvim/lua/lazy/manage/reloader.lua
[18:41:56.166][info] [#0:script/workspace/loading.lua:101]: Preload file at: file:///home/nomka/.local/share/nvim/lazy/lazy.nvim/lua/lazy/manage/checker.lua , size = 2.306 KB
[18:41:56.178][info] [#0:script/workspace/loading.lua:113]: ++++As library of:	file:///home/nomka/.local/share/nvim/lazy/lazy.nvim/lua/lazy
[18:41:56.178][info] [#0:script/workspace/loading.lua:89]: Skip loaded file: file:///home/nomka/.local/share/nvim/lazy/lazy.nvim/lua/lazy/manage/checker.lua
[18:41:56.178][info] [#0:script/workspace/loading.lua:113]: ++++As library of:	file:///home/nomka/.local/share/nvim/lazy/lazy.nvim/lua/lazy
[18:41:56.183][info] [#0:script/workspace/loading.lua:101]: Preload file at: file:///home/nomka/.local/share/nvim/lazy/lazy.nvim/lua/lazy/manage/task/plugin.lua , size = 2.294 KB
[18:41:56.195][info] [#0:script/workspace/loading.lua:113]: ++++As library of:	file:///home/nomka/.local/share/nvim/lazy/lazy.nvim/lua/lazy
[18:41:56.195][info] [#0:script/workspace/loading.lua:89]: Skip loaded file: file:///home/nomka/.local/share/nvim/lazy/lazy.nvim/lua/lazy/manage/task/plugin.lua
[18:41:56.195][info] [#0:script/workspace/loading.lua:113]: ++++As library of:	file:///home/nomka/.local/share/nvim/lazy/lazy.nvim/lua/lazy
[18:41:56.196][info] [#0:script/workspace/loading.lua:101]: Preload file at: file:///home/nomka/.local/share/nvim/lazy/lazy.nvim/lua/lazy/manage/task/init.lua , size = 3.822 KB
[18:41:56.221][info] [#0:script/workspace/loading.lua:113]: ++++As library of:	file:///home/nomka/.local/share/nvim/lazy/lazy.nvim/lua/lazy
[18:41:56.221][info] [#0:script/workspace/loading.lua:98]: Skip loaded file: file:///home/nomka/.local/share/nvim/lazy/lazy.nvim/lua/lazy/manage/task/init.lua
[18:41:56.230][info] [#0:script/workspace/loading.lua:101]: Preload file at: file:///home/nomka/.local/share/nvim/lazy/lazy.nvim/lua/lazy/manage/task/fs.lua , size = 0.740 KB
[18:41:56.235][info] [#0:script/workspace/loading.lua:113]: ++++As library of:	file:///home/nomka/.local/share/nvim/lazy/lazy.nvim/lua/lazy
[18:41:56.236][info] [#0:script/workspace/loading.lua:89]: Skip loaded file: file:///home/nomka/.local/share/nvim/lazy/lazy.nvim/lua/lazy/manage/task/fs.lua
[18:41:56.236][info] [#0:script/workspace/loading.lua:113]: ++++As library of:	file:///home/nomka/.local/share/nvim/lazy/lazy.nvim/lua/lazy
[18:41:56.237][info] [#0:script/workspace/loading.lua:101]: Preload file at: file:///home/nomka/.local/share/nvim/lazy/lazy.nvim/lua/lazy/manage/task/git.lua , size = 6.532 KB
[18:41:56.273][info] [#0:script/workspace/loading.lua:113]: ++++As library of:	file:///home/nomka/.local/share/nvim/lazy/lazy.nvim/lua/lazy
[18:41:56.275][info] [#0:script/workspace/loading.lua:89]: Skip loaded file: file:///home/nomka/.local/share/nvim/lazy/lazy.nvim/lua/lazy/manage/task/git.lua
[18:41:56.275][info] [#0:script/workspace/loading.lua:113]: ++++As library of:	file:///home/nomka/.local/share/nvim/lazy/lazy.nvim/lua/lazy
[18:41:56.278][info] [#0:script/workspace/loading.lua:101]: Preload file at: file:///home/nomka/.local/share/nvim/lazy/lazy.nvim/lua/lazy/manage/git.lua , size = 6.040 KB
[18:41:56.319][info] [#0:script/workspace/loading.lua:113]: ++++As library of:	file:///home/nomka/.local/share/nvim/lazy/lazy.nvim/lua/lazy
[18:41:56.325][info] [#0:script/workspace/loading.lua:89]: Skip loaded file: file:///home/nomka/.local/share/nvim/lazy/lazy.nvim/lua/lazy/manage/git.lua
[18:41:56.325][info] [#0:script/workspace/loading.lua:113]: ++++As library of:	file:///home/nomka/.local/share/nvim/lazy/lazy.nvim/lua/lazy
[18:41:56.326][info] [#0:script/workspace/loading.lua:101]: Preload file at: file:///home/nomka/.local/share/nvim/lazy/lazy.nvim/lua/lazy/manage/process.lua , size = 3.842 KB
[18:41:56.355][info] [#0:script/workspace/loading.lua:113]: ++++As library of:	file:///home/nomka/.local/share/nvim/lazy/lazy.nvim/lua/lazy
[18:41:56.365][info] [#0:script/workspace/loading.lua:89]: Skip loaded file: file:///home/nomka/.local/share/nvim/lazy/lazy.nvim/lua/lazy/manage/process.lua
[18:41:56.365][info] [#0:script/workspace/loading.lua:113]: ++++As library of:	file:///home/nomka/.local/share/nvim/lazy/lazy.nvim/lua/lazy
[18:41:56.365][info] [#0:script/workspace/loading.lua:101]: Preload file at: file:///home/nomka/.local/share/nvim/lazy/lazy.nvim/lua/lazy/manage/lock.lua , size = 1.810 KB
[18:41:56.377][info] [#0:script/workspace/loading.lua:113]: ++++As library of:	file:///home/nomka/.local/share/nvim/lazy/lazy.nvim/lua/lazy
[18:41:56.387][info] [#0:script/workspace/loading.lua:89]: Skip loaded file: file:///home/nomka/.local/share/nvim/lazy/lazy.nvim/lua/lazy/manage/lock.lua
[18:41:56.388][info] [#0:script/workspace/loading.lua:113]: ++++As library of:	file:///home/nomka/.local/share/nvim/lazy/lazy.nvim/lua/lazy
[18:41:56.388][info] [#0:script/workspace/loading.lua:173]: Loaded files takes [7.363] sec: <fallback>
[18:41:56.388][info] [#0:script/workspace/loading.lua:182]: Compile files takes [0.000] sec: <fallback>
[18:41:56.388][info] [#0:script/workspace/loading.lua:183]: Loaded finish:	<fallback>
[18:41:56.388][info] [#0:script/workspace/workspace.lua:379]: Preload finish at:	<fallback>
[18:41:56.557][info] [#0:script/workspace/loading.lua:101]: Preload file at: file:///home/nomka/.config/nvim/init.lua , size = 0.557 KB
[18:41:56.663][info] [#0:script/workspace/loading.lua:101]: Preload file at: file:///home/nomka/.config/nvim/lua/plugins/init.lua , size = 7.334 KB
[18:41:56.793][info] [#0:script/workspace/loading.lua:101]: Preload file at: file:///home/nomka/.config/nvim/lua/plugins/configs/mason.lua , size = 0.581 KB
[18:41:56.906][info] [#0:script/workspace/loading.lua:101]: Preload file at: file:///home/nomka/.config/nvim/lua/plugins/configs/cmp.lua , size = 3.072 KB
[18:41:57.020][info] [#0:script/workspace/loading.lua:101]: Preload file at: file:///home/nomka/.config/nvim/lua/plugins/configs/treesitter.lua , size = 0.165 KB
[18:41:57.125][info] [#0:script/workspace/loading.lua:89]: Skip loaded file: file:///home/nomka/.config/nvim/lua/plugins/configs/others.lua
[18:41:57.241][info] [#0:script/workspace/loading.lua:101]: Preload file at: file:///home/nomka/.config/nvim/lua/plugins/configs/lazy_nvim.lua , size = 0.846 KB
[18:41:57.357][info] [#0:script/workspace/loading.lua:101]: Preload file at: file:///home/nomka/.config/nvim/lua/plugins/configs/lspconfig.lua , size = 1.753 KB
[18:41:57.481][info] [#0:script/provider/provider.lua:169]: Server shutdown.
[18:41:57.486][info] [#0:script/workspace/loading.lua:101]: Preload file at: file:///home/nomka/.config/nvim/lua/plugins/configs/nvimtree.lua , size = 1.479 KB
[18:41:57.499][warn] [#0:script/pub/report.lua:25]: Load proto error:	Disconnected!
