2023-06-22 08:42:27.313 [info] Log level: Info
2023-06-22 08:42:27.314 [info] Validating found git in: "git"
2023-06-22 08:42:27.314 [info] Using git "2.41.0" from "git"
2023-06-22 08:42:27.314 [info] > git rev-parse --show-toplevel [53ms]
2023-06-22 08:42:27.314 [info] fatal: not a git repository (or any of the parent directories): .git
2023-06-22 08:42:27.314 [info] > git rev-parse --show-toplevel [184ms]
2023-06-22 08:42:27.314 [info] > git rev-parse --git-dir --git-common-dir [206ms]
2023-06-22 08:42:27.314 [info] Open repository: /home/nomka/rust_projects/enum_ipaddr
2023-06-22 08:42:27.314 [info] > git config --get commit.template [292ms]
2023-06-22 08:42:27.314 [info] > git rev-parse --show-toplevel [539ms]
2023-06-22 08:42:27.314 [info] > git rev-parse --git-dir --git-common-dir [286ms]
2023-06-22 08:42:27.316 [info] Open repository: /home/nomka/rust_projects/branches
2023-06-22 08:42:27.316 [info] No remotes found in the git config file.
2023-06-22 08:42:27.316 [info] > git rev-parse --show-toplevel [962ms]
2023-06-22 08:42:27.316 [info] > git rev-parse --git-dir --git-common-dir [62ms]
2023-06-22 08:42:27.316 [info] Open repository: /home/nomka/rust_projects/celsius_to_fahrenheit
2023-06-22 08:42:27.316 [info] > git config --get commit.template [624ms]
2023-06-22 08:42:27.316 [info] > git for-each-ref --format=%(refname)%00%(upstream:short)%00%(objectname)%00%(upstream:track)%00%(upstream:remotename)%00%(upstream:remoteref) refs/heads/master refs/remotes/master [948ms]
2023-06-22 08:42:27.316 [info] > git status -z -uall [358ms]
2023-06-22 08:42:27.316 [info] > git rev-parse --show-toplevel [570ms]
2023-06-22 08:42:27.317 [info] No remotes found in the git config file.
2023-06-22 08:42:27.317 [info] > git rev-parse --git-dir --git-common-dir [218ms]
2023-06-22 08:42:27.317 [info] Open repository: /home/nomka/rust_projects/christmas
2023-06-22 08:42:27.317 [info] > git config --get commit.template [778ms]
2023-06-22 08:42:27.317 [info] > git rev-parse --show-toplevel [935ms]
2023-06-22 08:42:27.317 [info] > git for-each-ref --format=%(refname)%00%(upstream:short)%00%(objectname)%00%(upstream:track)%00%(upstream:remotename)%00%(upstream:remoteref) refs/heads/master refs/remotes/master [1328ms]
2023-06-22 08:42:27.317 [info] No remotes found in the git config file.
2023-06-22 08:42:27.317 [info] > git status -z -uall [1068ms]
2023-06-22 08:42:27.317 [info] > git rev-parse --git-dir --git-common-dir [1537ms]
2023-06-22 08:42:27.317 [info] Open repository: /home/nomka/rust_projects/data_types
2023-06-22 08:42:27.317 [info] > git config --get commit.template [2036ms]
2023-06-22 08:42:27.318 [info] > git config --get commit.template [2213ms]
2023-06-22 08:42:27.318 [info] > git check-ignore -v -z --stdin [1018ms]
2023-06-22 08:42:27.318 [info] > git check-ignore -v -z --stdin [944ms]
2023-06-22 08:42:27.318 [info] > git check-ignore -v -z --stdin [885ms]
2023-06-22 08:42:27.318 [info] > git check-ignore -v -z --stdin [790ms]
2023-06-22 08:42:27.318 [info] > git check-ignore -v -z --stdin [641ms]
2023-06-22 08:42:27.318 [info] > git rev-parse --show-toplevel [2361ms]
2023-06-22 08:42:27.318 [info] > git for-each-ref --format=%(refname)%00%(upstream:short)%00%(objectname)%00%(upstream:track)%00%(upstream:remotename)%00%(upstream:remoteref) refs/heads/master refs/remotes/master [3159ms]
2023-06-22 08:42:27.318 [info] No remotes found in the git config file.
2023-06-22 08:42:27.318 [info] No remotes found in the git config file.
2023-06-22 08:42:27.318 [info] > git status -z -uall [784ms]
2023-06-22 08:42:27.318 [info] > git rev-parse --git-dir --git-common-dir [1104ms]
2023-06-22 08:42:27.319 [info] Open repository: /home/nomka/rust_projects/fibonacci
2023-06-22 08:42:27.319 [info] > git config --get commit.template [2062ms]
2023-06-22 08:42:27.319 [info] > git config --get commit.template [2251ms]
2023-06-22 08:42:27.894 [info] > git check-ignore -v -z --stdin [1619ms]
2023-06-22 08:42:27.906 [info] > git check-ignore -v -z --stdin [1494ms]
2023-06-22 08:42:27.912 [info] > git check-ignore -v -z --stdin [1022ms]
2023-06-22 08:42:27.917 [info] > git check-ignore -v -z --stdin [779ms]
2023-06-22 08:42:27.922 [info] > git check-ignore -v -z --stdin [701ms]
2023-06-22 08:42:27.945 [info] > git rev-parse --show-toplevel [2920ms]
2023-06-22 08:42:28.225 [info] > git for-each-ref --format=%(refname)%00%(upstream:short)%00%(objectname)%00%(upstream:track)%00%(upstream:remotename)%00%(upstream:remoteref) refs/heads/master refs/remotes/master [4017ms]
2023-06-22 08:42:28.496 [info] > git for-each-ref --format=%(refname)%00%(upstream:short)%00%(objectname)%00%(upstream:track)%00%(upstream:remotename)%00%(upstream:remoteref) refs/heads/master refs/remotes/master [4453ms]
2023-06-22 08:42:29.061 [info] No remotes found in the git config file.
2023-06-22 08:42:29.301 [info] No remotes found in the git config file.
2023-06-22 08:42:29.484 [info] > git status -z -uall [1008ms]
2023-06-22 08:42:29.485 [info] > git status -z -uall [835ms]
2023-06-22 08:42:29.853 [info] > git rev-parse --git-dir --git-common-dir [1634ms]
2023-06-22 08:42:29.912 [info] Open repository: /home/nomka/rust_projects/functions
2023-06-22 08:42:30.083 [info] > git config --get commit.template [2262ms]
2023-06-22 08:42:30.085 [info] > git config --get commit.template [2558ms]
2023-06-22 08:42:31.093 [info] > git rev-parse --show-toplevel [980ms]
2023-06-22 08:42:31.355 [info] > git for-each-ref --format=%(refname)%00%(upstream:short)%00%(objectname)%00%(upstream:track)%00%(upstream:remotename)%00%(upstream:remoteref) refs/heads/master refs/remotes/master [2056ms]
2023-06-22 08:42:31.512 [info] > git for-each-ref --format=%(refname)%00%(upstream:short)%00%(objectname)%00%(upstream:track)%00%(upstream:remotename)%00%(upstream:remoteref) refs/heads/master refs/remotes/master [2453ms]
2023-06-22 08:42:33.478 [info] No remotes found in the git config file.
2023-06-22 08:42:33.481 [info] No remotes found in the git config file.
2023-06-22 08:42:33.579 [info] > git status -z -uall [2106ms]
2023-06-22 08:42:33.584 [info] > git status -z -uall [1928ms]
2023-06-22 08:42:33.585 [info] > git check-ignore -v -z --stdin [1434ms]
2023-06-22 08:42:33.611 [info] > git check-ignore -v -z --stdin [1296ms]
2023-06-22 08:42:33.622 [info] > git check-ignore -v -z --stdin [1121ms]
2023-06-22 08:42:33.629 [info] > git check-ignore -v -z --stdin [1056ms]
2023-06-22 08:42:33.635 [info] > git check-ignore -v -z --stdin [893ms]
2023-06-22 08:42:33.645 [info] > git check-ignore -v -z --stdin [778ms]
2023-06-22 08:42:33.653 [info] > git check-ignore -v -z --stdin [487ms]
2023-06-22 08:42:33.790 [info] > git rev-parse --git-dir --git-common-dir [2438ms]
2023-06-22 08:42:33.861 [info] Open repository: /home/nomka/rust_projects/guessing_game
2023-06-22 08:42:33.956 [info] > git config --get commit.template [3008ms]
2023-06-22 08:42:33.970 [info] > git config --get commit.template [3161ms]
2023-06-22 08:42:34.743 [info] > git rev-parse --show-toplevel [792ms]
2023-06-22 08:42:34.810 [info] > git for-each-ref --format=%(refname)%00%(upstream:short)%00%(objectname)%00%(upstream:track)%00%(upstream:remotename)%00%(upstream:remoteref) refs/heads/master refs/remotes/master [1336ms]
2023-06-22 08:42:34.879 [info] > git for-each-ref --format=%(refname)%00%(upstream:short)%00%(objectname)%00%(upstream:track)%00%(upstream:remotename)%00%(upstream:remoteref) refs/heads/master refs/remotes/master [1566ms]
2023-06-22 08:42:36.744 [info] No remotes found in the git config file.
2023-06-22 08:42:36.813 [info] No remotes found in the git config file.
2023-06-22 08:42:36.879 [info] > git status -z -uall [2004ms]
2023-06-22 08:42:36.880 [info] > git status -z -uall [1911ms]
2023-06-22 08:42:36.881 [info] > git check-ignore -v -z --stdin [1427ms]
2023-06-22 08:42:36.889 [info] > git check-ignore -v -z --stdin [1170ms]
2023-06-22 08:42:36.902 [info] > git check-ignore -v -z --stdin [1261ms]
2023-06-22 08:42:36.906 [info] > git check-ignore -v -z --stdin [1074ms]
2023-06-22 08:42:36.912 [info] > git check-ignore -v -z --stdin [890ms]
2023-06-22 08:42:36.918 [info] > git check-ignore -v -z --stdin [679ms]
2023-06-22 08:42:36.922 [info] > git check-ignore -v -z --stdin [432ms]
2023-06-22 08:42:36.945 [info] > git check-ignore -v -z --stdin [313ms]
2023-06-22 08:42:37.095 [info] > git rev-parse --git-dir --git-common-dir [2288ms]
2023-06-22 08:42:37.168 [info] Open repository: /home/nomka/rust_projects/hello_cargo
2023-06-22 08:42:37.343 [info] > git config --get commit.template [2645ms]
2023-06-22 08:42:37.346 [info] > git config --get commit.template [2716ms]
2023-06-22 08:42:37.802 [info] > git rev-parse --show-toplevel [463ms]
2023-06-22 08:42:37.802 [info] fatal: not a git repository (or any of the parent directories): .git
2023-06-22 08:42:37.931 [info] > git for-each-ref --format=%(refname)%00%(upstream:short)%00%(objectname)%00%(upstream:track)%00%(upstream:remotename)%00%(upstream:remoteref) refs/heads/master refs/remotes/master [1126ms]
2023-06-22 08:42:38.042 [info] > git for-each-ref --format=%(refname)%00%(upstream:short)%00%(objectname)%00%(upstream:track)%00%(upstream:remotename)%00%(upstream:remoteref) refs/heads/master refs/remotes/master [1302ms]
2023-06-22 08:42:41.370 [info] No remotes found in the git config file.
2023-06-22 08:42:41.578 [info] No remotes found in the git config file.
2023-06-22 08:42:41.668 [info] > git status -z -uall [3628ms]
2023-06-22 08:42:41.668 [info] > git status -z -uall [3484ms]
2023-06-22 08:42:41.670 [info] > git check-ignore -v -z --stdin [3204ms]
2023-06-22 08:42:41.678 [info] > git check-ignore -v -z --stdin [2745ms]
2023-06-22 08:42:41.682 [info] > git check-ignore -v -z --stdin [2021ms]
2023-06-22 08:42:41.686 [info] > git check-ignore -v -z --stdin [1615ms]
2023-06-22 08:42:41.703 [info] > git check-ignore -v -z --stdin [1359ms]
2023-06-22 08:42:41.708 [info] > git check-ignore -v -z --stdin [3035ms]
2023-06-22 08:42:41.730 [info] > git check-ignore -v -z --stdin [2453ms]
2023-06-22 08:42:41.739 [info] > git check-ignore -v -z --stdin [1133ms]
2023-06-22 08:42:41.751 [info] > git check-ignore -v -z --stdin [878ms]
2023-06-22 08:42:41.869 [info] > git rev-parse --show-toplevel [3942ms]
2023-06-22 08:42:41.943 [info] > git config --get commit.template [4177ms]
2023-06-22 08:42:41.945 [info] > git config --get commit.template [4305ms]
2023-06-22 08:42:42.303 [info] > git rev-parse --git-dir --git-common-dir [364ms]
2023-06-22 08:42:42.422 [info] Open repository: /home/nomka/rust_projects/ownership_concepts
2023-06-22 08:42:42.749 [info] > git for-each-ref --format=%(refname)%00%(upstream:short)%00%(objectname)%00%(upstream:track)%00%(upstream:remotename)%00%(upstream:remoteref) refs/heads/master refs/remotes/master [1172ms]
2023-06-22 08:42:43.000 [info] > git for-each-ref --format=%(refname)%00%(upstream:short)%00%(objectname)%00%(upstream:track)%00%(upstream:remotename)%00%(upstream:remoteref) refs/heads/master refs/remotes/master [1633ms]
2023-06-22 08:42:46.194 [info] No remotes found in the git config file.
2023-06-22 08:42:46.612 [info] No remotes found in the git config file.
2023-06-22 08:42:47.033 [info] > git status -z -uall [4036ms]
2023-06-22 08:42:47.033 [info] > git status -z -uall [3893ms]
2023-06-22 08:42:47.034 [info] > git check-ignore -v -z --stdin [3228ms]
2023-06-22 08:42:47.043 [info] > git check-ignore -v -z --stdin [3158ms]
2023-06-22 08:42:47.047 [info] > git check-ignore -v -z --stdin [1483ms]
2023-06-22 08:42:47.053 [info] > git check-ignore -v -z --stdin [1295ms]
2023-06-22 08:42:47.059 [info] > git check-ignore -v -z --stdin [2910ms]
2023-06-22 08:42:47.063 [info] > git check-ignore -v -z --stdin [2547ms]
2023-06-22 08:42:47.084 [info] > git check-ignore -v -z --stdin [2246ms]
2023-06-22 08:42:47.096 [info] > git check-ignore -v -z --stdin [2034ms]
2023-06-22 08:42:47.126 [info] > git check-ignore -v -z --stdin [1799ms]
2023-06-22 08:42:47.453 [info] > git rev-parse --show-toplevel [4708ms]
2023-06-22 08:42:47.600 [info] > git config --get commit.template [5345ms]
2023-06-22 08:42:47.822 [info] > git rev-parse --git-dir --git-common-dir [224ms]
2023-06-22 08:42:47.900 [info] Open repository: /home/nomka/rust_projects/rectangle_area
2023-06-22 08:42:47.969 [info] > git config --get commit.template [978ms]
2023-06-22 08:42:47.971 [info] > git for-each-ref --format=%(refname)%00%(upstream:short)%00%(objectname)%00%(upstream:track)%00%(upstream:remotename)%00%(upstream:remoteref) refs/heads/master refs/remotes/master [1361ms]
2023-06-22 08:42:48.081 [info] > git for-each-ref --format=%(refname)%00%(upstream:short)%00%(objectname)%00%(upstream:track)%00%(upstream:remotename)%00%(upstream:remoteref) refs/heads/master refs/remotes/master [1891ms]
2023-06-22 08:42:48.554 [info] No remotes found in the git config file.
2023-06-22 08:42:48.747 [info] > git status -z -uall [671ms]
2023-06-22 08:42:48.748 [info] > git status -z -uall [574ms]
2023-06-22 08:42:48.849 [info] > git rev-parse --show-toplevel [883ms]
2023-06-22 08:42:49.148 [info] > git config --get commit.template [1371ms]
2023-06-22 08:42:52.004 [info] No remotes found in the git config file.
2023-06-22 08:42:52.308 [info] > git check-ignore -v -z --stdin [2788ms]
2023-06-22 08:42:52.338 [info] > git check-ignore -v -z --stdin [2535ms]
2023-06-22 08:42:52.341 [info] > git check-ignore -v -z --stdin [2059ms]
2023-06-22 08:42:52.371 [info] > git check-ignore -v -z --stdin [1754ms]
2023-06-22 08:42:52.401 [info] > git check-ignore -v -z --stdin [1638ms]
2023-06-22 08:42:52.419 [info] > git check-ignore -v -z --stdin [1420ms]
2023-06-22 08:42:52.438 [info] > git check-ignore -v -z --stdin [1335ms]
2023-06-22 08:42:52.455 [info] > git check-ignore -v -z --stdin [1165ms]
2023-06-22 08:42:52.471 [info] > git check-ignore -v -z --stdin [1080ms]
2023-06-22 08:42:52.483 [info] > git check-ignore -v -z --stdin [1007ms]
2023-06-22 08:42:52.488 [info] > git check-ignore -v -z --stdin [770ms]
2023-06-22 08:42:52.506 [info] > git rev-parse --git-dir --git-common-dir [3355ms]
2023-06-22 08:42:52.699 [info] Open repository: /home/nomka/rust_projects/rectangle_impl
2023-06-22 08:42:52.855 [info] > git config --get commit.template [4169ms]
2023-06-22 08:42:52.857 [info] > git for-each-ref --format=%(refname)%00%(upstream:short)%00%(objectname)%00%(upstream:track)%00%(upstream:remotename)%00%(upstream:remoteref) refs/heads/master refs/remotes/master [4304ms]
2023-06-22 08:42:53.077 [info] No remotes found in the git config file.
2023-06-22 08:42:53.400 [info] > git status -z -uall [454ms]
2023-06-22 08:42:53.477 [info] > git rev-parse --show-toplevel [617ms]
2023-06-22 08:42:53.709 [info] > git config --get commit.template [1472ms]
2023-06-22 08:42:53.713 [info] > git for-each-ref --format=%(refname)%00%(upstream:short)%00%(objectname)%00%(upstream:track)%00%(upstream:remotename)%00%(upstream:remoteref) refs/heads/master refs/remotes/master [1712ms]
2023-06-22 08:42:54.522 [info] No remotes found in the git config file.
2023-06-22 08:42:54.577 [info] > git status -z -uall [779ms]
2023-06-22 08:42:54.789 [info] > git rev-parse --git-dir --git-common-dir [1083ms]
2023-06-22 08:42:54.927 [info] Open repository: /home/nomka/rust_projects/ref_and_borrowing
2023-06-22 08:42:55.182 [info] > git config --get commit.template [1904ms]
2023-06-22 08:42:55.184 [info] > git for-each-ref --format=%(refname)%00%(upstream:short)%00%(objectname)%00%(upstream:track)%00%(upstream:remotename)%00%(upstream:remoteref) refs/heads/master refs/remotes/master [2109ms]
2023-06-22 08:42:55.521 [info] No remotes found in the git config file.
2023-06-22 08:42:55.763 [info] > git status -z -uall [419ms]
2023-06-22 08:42:55.848 [info] > git rev-parse --show-toplevel [667ms]
2023-06-22 08:42:56.032 [info] > git for-each-ref --format=%(refname)%00%(upstream:short)%00%(objectname)%00%(upstream:track)%00%(upstream:remotename)%00%(upstream:remoteref) refs/heads/master refs/remotes/master [1513ms]
2023-06-22 08:42:58.058 [info] No remotes found in the git config file.
2023-06-22 08:42:58.094 [info] > git status -z -uall [1951ms]
2023-06-22 08:42:58.095 [info] > git check-ignore -v -z --stdin [1590ms]
2023-06-22 08:42:58.121 [info] > git check-ignore -v -z --stdin [1479ms]
2023-06-22 08:42:58.149 [info] > git check-ignore -v -z --stdin [1412ms]
2023-06-22 08:42:58.155 [info] > git check-ignore -v -z --stdin [1277ms]
2023-06-22 08:42:58.185 [info] > git check-ignore -v -z --stdin [1221ms]
2023-06-22 08:42:58.207 [info] > git check-ignore -v -z --stdin [1155ms]
2023-06-22 08:42:58.231 [info] > git check-ignore -v -z --stdin [489ms]
2023-06-22 08:42:58.242 [info] > git check-ignore -v -z --stdin [437ms]
2023-06-22 08:42:58.254 [info] > git check-ignore -v -z --stdin [957ms]
2023-06-22 08:42:58.259 [info] > git check-ignore -v -z --stdin [780ms]
2023-06-22 08:42:58.265 [info] > git check-ignore -v -z --stdin [674ms]
2023-06-22 08:42:58.268 [info] > git check-ignore -v -z --stdin [613ms]
2023-06-22 08:42:58.273 [info] > git check-ignore -v -z --stdin [357ms]
2023-06-22 08:42:58.341 [info] > git rev-parse --git-dir --git-common-dir [2312ms]
2023-06-22 08:42:58.405 [info] Open repository: /home/nomka/rust_projects/slice
2023-06-22 08:42:58.489 [info] > git config --get commit.template [2734ms]
2023-06-22 08:42:58.504 [info] > git config --get commit.template [2882ms]
2023-06-22 08:42:58.507 [info] > git for-each-ref --format=%(refname)%00%(upstream:short)%00%(objectname)%00%(upstream:track)%00%(upstream:remotename)%00%(upstream:remoteref) refs/heads/master refs/remotes/master [2988ms]
2023-06-22 08:42:59.446 [info] > git status -z -uall [814ms]
2023-06-22 08:42:59.608 [info] > git rev-parse --show-toplevel [1130ms]
2023-06-22 08:42:59.798 [info] > git for-each-ref --format=%(refname)%00%(upstream:short)%00%(objectname)%00%(upstream:track)%00%(upstream:remotename)%00%(upstream:remoteref) refs/heads/master refs/remotes/master [1743ms]
2023-06-22 08:43:02.311 [info] No remotes found in the git config file.
2023-06-22 08:43:02.447 [info] No remotes found in the git config file.
2023-06-22 08:43:02.579 [info] > git status -z -uall [2582ms]
2023-06-22 08:43:02.580 [info] > git check-ignore -v -z --stdin [2245ms]
2023-06-22 08:43:02.601 [info] > git check-ignore -v -z --stdin [2160ms]
2023-06-22 08:43:02.606 [info] > git check-ignore -v -z --stdin [1978ms]
2023-06-22 08:43:02.611 [info] > git check-ignore -v -z --stdin [1825ms]
2023-06-22 08:43:02.620 [info] > git check-ignore -v -z --stdin [1669ms]
2023-06-22 08:43:02.627 [info] > git check-ignore -v -z --stdin [1461ms]
2023-06-22 08:43:02.636 [info] > git check-ignore -v -z --stdin [1331ms]
2023-06-22 08:43:02.640 [info] > git check-ignore -v -z --stdin [1170ms]
2023-06-22 08:43:02.645 [info] > git check-ignore -v -z --stdin [1022ms]
2023-06-22 08:43:02.650 [info] > git check-ignore -v -z --stdin [949ms]
2023-06-22 08:43:02.654 [info] > git check-ignore -v -z --stdin [735ms]
2023-06-22 08:43:02.659 [info] > git check-ignore -v -z --stdin [586ms]
2023-06-22 08:43:02.663 [info] > git check-ignore -v -z --stdin [513ms]
2023-06-22 08:43:02.667 [info] > git check-ignore -v -z --stdin [446ms]
2023-06-22 08:43:02.725 [info] > git rev-parse --git-dir --git-common-dir [2930ms]
2023-06-22 08:43:02.793 [info] Open repository: /home/nomka/rust_projects/structs
2023-06-22 08:43:03.060 [info] > git config --get commit.template [3696ms]
2023-06-22 08:43:03.064 [info] > git config --get commit.template [3968ms]
2023-06-22 08:43:03.638 [info] > git rev-parse --show-toplevel [579ms]
2023-06-22 08:43:03.725 [info] > git for-each-ref --format=%(refname)%00%(upstream:short)%00%(objectname)%00%(upstream:track)%00%(upstream:remotename)%00%(upstream:remoteref) refs/heads/master refs/remotes/master [1279ms]
2023-06-22 08:43:03.941 [info] > git for-each-ref --format=%(refname)%00%(upstream:short)%00%(objectname)%00%(upstream:track)%00%(upstream:remotename)%00%(upstream:remoteref) refs/heads/master refs/remotes/master [1610ms]
2023-06-22 08:43:04.556 [info] No remotes found in the git config file.
2023-06-22 08:43:04.655 [info] No remotes found in the git config file.
2023-06-22 08:43:04.670 [info] > git status -z -uall [754ms]
2023-06-22 08:43:04.670 [info] > git status -z -uall [521ms]
2023-06-22 08:43:04.826 [info] > git rev-parse --git-dir --git-common-dir [1106ms]
2023-06-22 08:43:04.927 [info] Open repository: /home/nomka/rust_projects/tuple_structs
2023-06-22 08:43:05.196 [info] > git config --get commit.template [1593ms]
2023-06-22 08:43:05.198 [info] > git config --get commit.template [1812ms]
2023-06-22 08:43:05.829 [info] > git rev-parse --show-toplevel [638ms]
2023-06-22 08:43:05.953 [info] > git for-each-ref --format=%(refname)%00%(upstream:short)%00%(objectname)%00%(upstream:track)%00%(upstream:remotename)%00%(upstream:remoteref) refs/heads/master refs/remotes/master [1303ms]
2023-06-22 08:43:06.269 [info] > git for-each-ref --format=%(refname)%00%(upstream:short)%00%(objectname)%00%(upstream:track)%00%(upstream:remotename)%00%(upstream:remoteref) refs/heads/master refs/remotes/master [1716ms]
2023-06-22 08:43:09.271 [info] No remotes found in the git config file.
2023-06-22 08:43:09.420 [info] No remotes found in the git config file.
2023-06-22 08:43:09.606 [info] > git status -z -uall [3357ms]
2023-06-22 08:43:09.667 [info] > git status -z -uall [3169ms]
2023-06-22 08:43:09.668 [info] > git check-ignore -v -z --stdin [2979ms]
2023-06-22 08:43:09.721 [info] > git check-ignore -v -z --stdin [2948ms]
2023-06-22 08:43:09.725 [info] > git check-ignore -v -z --stdin [2850ms]
2023-06-22 08:43:09.755 [info] > git check-ignore -v -z --stdin [2681ms]
2023-06-22 08:43:09.806 [info] > git check-ignore -v -z --stdin [2470ms]
2023-06-22 08:43:09.819 [info] > git check-ignore -v -z --stdin [2175ms]
2023-06-22 08:43:09.863 [info] > git check-ignore -v -z --stdin [2038ms]
2023-06-22 08:43:09.867 [info] > git check-ignore -v -z --stdin [2023ms]
2023-06-22 08:43:09.900 [info] > git check-ignore -v -z --stdin [1989ms]
2023-06-22 08:43:09.931 [info] > git check-ignore -v -z --stdin [1862ms]
2023-06-22 08:43:09.945 [info] > git check-ignore -v -z --stdin [1779ms]
2023-06-22 08:43:09.948 [info] > git check-ignore -v -z --stdin [1657ms]
2023-06-22 08:43:09.981 [info] > git check-ignore -v -z --stdin [1343ms]
2023-06-22 08:43:09.984 [info] > git check-ignore -v -z --stdin [1171ms]
2023-06-22 08:43:10.011 [info] > git check-ignore -v -z --stdin [1073ms]
2023-06-22 08:43:10.014 [info] > git check-ignore -v -z --stdin [945ms]
2023-06-22 08:43:10.373 [info] > git rev-parse --git-dir --git-common-dir [4420ms]
2023-06-22 08:43:10.645 [info] Open repository: /home/nomka/rust_projects/variables
2023-06-22 08:43:11.773 [info] > git config --get commit.template [5969ms]
2023-06-22 08:43:11.775 [info] > git config --get commit.template [6042ms]
2023-06-22 08:43:12.725 [info] > git show --textconv :src/main.rs [1341ms]
2023-06-22 08:43:12.727 [info] > git ls-files --stage -- /home/nomka/rust_projects/enum_ipaddr/src/main.rs [958ms]
2023-06-22 08:43:12.743 [info] > git rev-parse --show-toplevel [1812ms]
2023-06-22 08:43:12.744 [info] fatal: not a git repository (or any of the parent directories): .git
2023-06-22 08:43:12.798 [info] > git for-each-ref --format=%(refname)%00%(upstream:short)%00%(objectname)%00%(upstream:track)%00%(upstream:remotename)%00%(upstream:remoteref) refs/heads/master refs/remotes/master [3380ms]
2023-06-22 08:43:12.987 [info] > git for-each-ref --format=%(refname)%00%(upstream:short)%00%(objectname)%00%(upstream:track)%00%(upstream:remotename)%00%(upstream:remoteref) refs/heads/master refs/remotes/master [3720ms]
2023-06-22 08:43:13.618 [info] No remotes found in the git config file.
2023-06-22 08:43:13.889 [info] No remotes found in the git config file.
2023-06-22 08:43:14.003 [info] > git status -z -uall [1021ms]
2023-06-22 08:43:14.004 [info] > git status -z -uall [906ms]
2023-06-22 08:43:14.332 [info] > git rev-parse --show-toplevel [1536ms]
2023-06-22 08:43:14.332 [info] fatal: not a git repository (or any of the parent directories): .git
2023-06-22 08:43:14.385 [info] > git config --get commit.template [1715ms]
2023-06-22 08:43:14.387 [info] > git config --get commit.template [1956ms]
2023-06-22 08:43:14.812 [info] > git rev-parse --show-toplevel [412ms]
2023-06-22 08:43:14.812 [info] fatal: not a git repository (or any of the parent directories): .git
2023-06-22 08:43:14.824 [info] > git for-each-ref --format=%(refname)%00%(upstream:short)%00%(objectname)%00%(upstream:track)%00%(upstream:remotename)%00%(upstream:remoteref) refs/heads/master refs/remotes/master [944ms]
2023-06-22 08:43:15.055 [info] > git for-each-ref --format=%(refname)%00%(upstream:short)%00%(objectname)%00%(upstream:track)%00%(upstream:remotename)%00%(upstream:remoteref) refs/heads/master refs/remotes/master [1442ms]
2023-06-22 08:43:18.681 [info] No remotes found in the git config file.
2023-06-22 08:43:18.778 [info] No remotes found in the git config file.
2023-06-22 08:43:18.806 [info] > git status -z -uall [3756ms]
2023-06-22 08:43:18.807 [info] > git status -z -uall [3534ms]
2023-06-22 08:43:18.808 [info] > git check-ignore -v -z --stdin [2792ms]
2023-06-22 08:43:18.816 [info] > git check-ignore -v -z --stdin [2710ms]
2023-06-22 08:43:18.824 [info] > git check-ignore -v -z --stdin [2651ms]
2023-06-22 08:43:18.827 [info] > git check-ignore -v -z --stdin [2587ms]
2023-06-22 08:43:18.831 [info] > git check-ignore -v -z --stdin [1900ms]
2023-06-22 08:43:18.835 [info] > git check-ignore -v -z --stdin [1602ms]
2023-06-22 08:43:18.840 [info] > git check-ignore -v -z --stdin [1463ms]
2023-06-22 08:43:18.846 [info] > git check-ignore -v -z --stdin [1273ms]
2023-06-22 08:43:18.855 [info] > git check-ignore -v -z --stdin [1184ms]
2023-06-22 08:43:18.859 [info] > git check-ignore -v -z --stdin [1131ms]
2023-06-22 08:43:18.862 [info] > git check-ignore -v -z --stdin [1063ms]
2023-06-22 08:43:18.866 [info] > git check-ignore -v -z --stdin [888ms]
2023-06-22 08:43:18.870 [info] > git check-ignore -v -z --stdin [687ms]
2023-06-22 08:43:18.876 [info] > git check-ignore -v -z --stdin [3255ms]
2023-06-22 08:43:18.880 [info] > git check-ignore -v -z --stdin [2493ms]
2023-06-22 08:43:18.884 [info] > git check-ignore -v -z --stdin [2160ms]
2023-06-22 08:43:18.887 [info] > git check-ignore -v -z --stdin [504ms]
2023-06-22 08:43:18.988 [info] > git config --get commit.template [4209ms]
2023-06-22 08:43:19.859 [info] > git for-each-ref --format=%(refname)%00%(upstream:short)%00%(objectname)%00%(upstream:track)%00%(upstream:remotename)%00%(upstream:remoteref) refs/heads/master refs/remotes/master [1083ms]
2023-06-22 08:43:20.146 [info] > git for-each-ref --format=%(refname)%00%(upstream:short)%00%(objectname)%00%(upstream:track)%00%(upstream:remotename)%00%(upstream:remoteref) refs/heads/master refs/remotes/master [1466ms]
2023-06-22 08:43:20.714 [info] No remotes found in the git config file.
2023-06-22 08:43:20.752 [info] > git status -z -uall [604ms]
2023-06-22 08:43:20.752 [info] > git status -z -uall [443ms]
2023-06-22 08:43:20.816 [info] > git config --get commit.template [1066ms]
2023-06-22 08:43:21.098 [info] > git for-each-ref --format=%(refname)%00%(upstream:short)%00%(objectname)%00%(upstream:track)%00%(upstream:remotename)%00%(upstream:remoteref) refs/heads/master refs/remotes/master [385ms]
2023-06-22 08:43:22.278 [info] No remotes found in the git config file.
2023-06-22 08:43:22.287 [info] > git status -z -uall [810ms]
2023-06-22 08:43:22.497 [info] > git config --get commit.template [1404ms]
2023-06-22 08:43:22.707 [info] > git for-each-ref --format=%(refname)%00%(upstream:short)%00%(objectname)%00%(upstream:track)%00%(upstream:remotename)%00%(upstream:remoteref) refs/heads/master refs/remotes/master [431ms]
2023-06-22 08:43:23.990 [info] No remotes found in the git config file.
2023-06-22 08:43:24.007 [info] > git status -z -uall [1007ms]
2023-06-22 08:43:24.114 [info] > git for-each-ref --format=%(refname)%00%(upstream:short)%00%(objectname)%00%(upstream:track)%00%(upstream:remotename)%00%(upstream:remoteref) refs/heads/master refs/remotes/master [125ms]
2023-06-22 08:43:24.575 [info] > git status -z -uall [93ms]
