WARNING: Using incubator modules: jdk.incubator.concurrent, jdk.incubator.vector
[Error - 2:45:42 PM] Jun 22, 2023, 2:45:42 PM This refactoring cannot be performed correctly due to syntax errors in the compilation unit. To perform this operation you will need to fix the errors.
[Error - 2:45:50 PM] Jun 22, 2023, 2:45:50 PM failed to send diagnostics
File not found: /home/nomka/java_projects/parcial_eventos/P.java.
Java Model Exception: Core Exception [code 368] File not found: /home/nomka/java_projects/parcial_eventos/P.java.
	at org.eclipse.jdt.internal.core.util.Util.getResourceContentsAsCharArray(Util.java:1210)
	at org.eclipse.jdt.internal.core.util.Util.getResourceContentsAsCharArray(Util.java:1201)
	at org.eclipse.jdt.internal.core.CompilationUnit.openBuffer(CompilationUnit.java:1224)
	at org.eclipse.jdt.internal.core.CompilationUnit.buildStructure(CompilationUnit.java:114)
	at org.eclipse.jdt.internal.core.Openable.generateInfos(Openable.java:266)
	at org.eclipse.jdt.internal.core.JavaElement.openWhenClosed(JavaElement.java:597)
	at org.eclipse.jdt.internal.core.JavaElement.getElementInfo(JavaElement.java:328)
	at org.eclipse.jdt.internal.core.JavaElement.getElementInfo(JavaElement.java:314)
	at org.eclipse.jdt.internal.core.Openable.getBuffer(Openable.java:296)
	at org.eclipse.jdt.ls.core.internal.handlers.WorkspaceDiagnosticsHandler.visit(WorkspaceDiagnosticsHandler.java:183)
	at org.eclipse.core.internal.events.ResourceDelta.accept(ResourceDelta.java:67)
	at org.eclipse.core.internal.events.ResourceDelta.accept(ResourceDelta.java:77)
	at org.eclipse.core.internal.events.ResourceDelta.accept(ResourceDelta.java:77)
	at org.eclipse.core.internal.events.ResourceDelta.accept(ResourceDelta.java:77)
	at org.eclipse.core.internal.events.ResourceDelta.accept(ResourceDelta.java:77)
	at org.eclipse.core.internal.events.ResourceDelta.accept(ResourceDelta.java:51)
	at org.eclipse.jdt.ls.core.internal.handlers.WorkspaceDiagnosticsHandler.resourceChanged(WorkspaceDiagnosticsHandler.java:108)
	at org.eclipse.core.internal.events.NotificationManager$1.run(NotificationManager.java:307)
	at org.eclipse.core.runtime.SafeRunner.run(SafeRunner.java:45)
	at org.eclipse.core.internal.events.NotificationManager.notify(NotificationManager.java:297)
	at org.eclipse.core.internal.events.NotificationManager.broadcastChanges(NotificationManager.java:160)
	at org.eclipse.core.internal.resources.Workspace.broadcastPostChange(Workspace.java:388)
	at org.eclipse.core.internal.resources.Workspace.endOperation(Workspace.java:1516)
	at org.eclipse.core.internal.events.AutoBuildJob.doBuild(AutoBuildJob.java:210)
	at org.eclipse.core.internal.events.AutoBuildJob.run(AutoBuildJob.java:289)
	at org.eclipse.core.internal.jobs.Worker.run(Worker.java:63)
Caused by: org.eclipse.core.internal.resources.ResourceException: File not found: /home/nomka/java_projects/parcial_eventos/P.java.
	at org.eclipse.core.internal.localstore.FileSystemResourceManager.read(FileSystemResourceManager.java:835)
	at org.eclipse.core.internal.resources.File.getContents(File.java:277)
	at org.eclipse.jdt.internal.core.util.Util.getResourceContentsAsCharArray(Util.java:1208)
	... 25 more
Caused by: java.lang.Exception: File not found: /home/nomka/java_projects/parcial_eventos/P.java.
	at org.eclipse.core.internal.resources.ResourceException.provideStackTrace(ResourceException.java:42)
	at org.eclipse.core.internal.resources.ResourceException.<init>(ResourceException.java:38)
	... 28 more
Caused by: org.eclipse.core.internal.resources.ResourceException(/java_projects_fd4bc9c9/_/parcial_eventos/P.java)[368]: java.lang.Exception: File not found: /home/nomka/java_projects/parcial_eventos/P.java.
	at org.eclipse.core.internal.resources.ResourceException.provideStackTrace(ResourceException.java:42)
	at org.eclipse.core.internal.resources.ResourceException.<init>(ResourceException.java:38)
	at org.eclipse.core.internal.localstore.FileSystemResourceManager.read(FileSystemResourceManager.java:835)
	at org.eclipse.core.internal.resources.File.getContents(File.java:277)
	at org.eclipse.jdt.internal.core.util.Util.getResourceContentsAsCharArray(Util.java:1208)
	at org.eclipse.jdt.internal.core.util.Util.getResourceContentsAsCharArray(Util.java:1201)
	at org.eclipse.jdt.internal.core.CompilationUnit.openBuffer(CompilationUnit.java:1224)
	at org.eclipse.jdt.internal.core.CompilationUnit.buildStructure(CompilationUnit.java:114)
	at org.eclipse.jdt.internal.core.Openable.generateInfos(Openable.java:266)
	at org.eclipse.jdt.internal.core.JavaElement.openWhenClosed(JavaElement.java:597)
	at org.eclipse.jdt.internal.core.JavaElement.getElementInfo(JavaElement.java:328)
	at org.eclipse.jdt.internal.core.JavaElement.getElementInfo(JavaElement.java:314)
	at org.eclipse.jdt.internal.core.Openable.getBuffer(Openable.java:296)
	at org.eclipse.jdt.ls.core.internal.handlers.WorkspaceDiagnosticsHandler.visit(WorkspaceDiagnosticsHandler.java:183)
	at org.eclipse.core.internal.events.ResourceDelta.accept(ResourceDelta.java:67)
	at org.eclipse.core.internal.events.ResourceDelta.accept(ResourceDelta.java:77)
	at org.eclipse.core.internal.events.ResourceDelta.accept(ResourceDelta.java:77)
	at org.eclipse.core.internal.events.ResourceDelta.accept(ResourceDelta.java:77)
	at org.eclipse.core.internal.events.ResourceDelta.accept(ResourceDelta.java:77)
	at org.eclipse.core.internal.events.ResourceDelta.accept(ResourceDelta.java:51)
	at org.eclipse.jdt.ls.core.internal.handlers.WorkspaceDiagnosticsHandler.resourceChanged(WorkspaceDiagnosticsHandler.java:108)
	at org.eclipse.core.internal.events.NotificationManager$1.run(NotificationManager.java:307)
	at org.eclipse.core.runtime.SafeRunner.run(SafeRunner.java:45)
	at org.eclipse.core.internal.events.NotificationManager.notify(NotificationManager.java:297)
	at org.eclipse.core.internal.events.NotificationManager.broadcastChanges(NotificationManager.java:160)
	at org.eclipse.core.internal.resources.Workspace.broadcastPostChange(Workspace.java:388)
	at org.eclipse.core.internal.resources.Workspace.endOperation(Workspace.java:1516)
	at org.eclipse.core.internal.events.AutoBuildJob.doBuild(AutoBuildJob.java:210)
	at org.eclipse.core.internal.events.AutoBuildJob.run(AutoBuildJob.java:289)
	at org.eclipse.core.internal.jobs.Worker.run(Worker.java:63)

[Error - 2:46:06 PM] Jun 22, 2023, 2:46:06 PM This refactoring cannot be performed correctly due to syntax errors in the compilation unit. To perform this operation you will need to fix the errors.
