WARNING: Using incubator modules: jdk.incubator.concurrent, jdk.incubator.vector
[Error - 12:06:35 AM] Jun 24, 2023, 12:06:35 AM _/RegistroPacientes/src [in java_projects_fd4bc9c9] does not exist
_/RegistroPacientes/src [in java_projects_fd4bc9c9] does not exist
Java Model Exception: Error in Java Model (code 969): _/RegistroPacientes/src [in java_projects_fd4bc9c9] does not exist
	at org.eclipse.jdt.internal.core.JavaElement.newNotPresentException(JavaElement.java:574)
	at org.eclipse.jdt.internal.core.PackageFragmentRoot.getUnderlyingResource(PackageFragmentRoot.java:761)
	at org.eclipse.jdt.internal.core.PackageFragment.getUnderlyingResource(PackageFragment.java:426)
	at org.eclipse.jdt.internal.core.Openable.getUnderlyingResource(Openable.java:349)
	at org.eclipse.jdt.internal.core.CompilationUnit.getUnderlyingResource(CompilationUnit.java:986)
	at org.eclipse.jdt.ls.core.internal.handlers.BaseDiagnosticsHandler.collectNonJavaProblems(BaseDiagnosticsHandler.java:149)
	at org.eclipse.jdt.ls.core.internal.handlers.BaseDiagnosticsHandler.endReporting(BaseDiagnosticsHandler.java:135)
	at org.eclipse.jdt.internal.core.ReconcileWorkingCopyOperation.reportProblems(ReconcileWorkingCopyOperation.java:148)
	at org.eclipse.jdt.internal.core.ReconcileWorkingCopyOperation.executeOperation(ReconcileWorkingCopyOperation.java:112)
	at org.eclipse.jdt.internal.core.JavaModelOperation.run(JavaModelOperation.java:740)
	at org.eclipse.jdt.internal.core.JavaModelOperation.runOperation(JavaModelOperation.java:806)
	at org.eclipse.jdt.internal.core.CompilationUnit.reconcile(CompilationUnit.java:1325)
	at org.eclipse.jdt.ls.core.internal.handlers.BaseDocumentLifeCycleHandler.publishDiagnostics(BaseDocumentLifeCycleHandler.java:320)
	at org.eclipse.jdt.ls.core.internal.handlers.BaseDocumentLifeCycleHandler.publishDiagnostics(BaseDocumentLifeCycleHandler.java:283)
	at org.eclipse.jdt.ls.core.internal.handlers.BaseDocumentLifeCycleHandler$PublishDiagnosticJob.run(BaseDocumentLifeCycleHandler.java:734)
	at org.eclipse.core.internal.jobs.Worker.run(Worker.java:63)

